Log file open, 07/21/16 10:38:32
LogInit:Display: Running engine for game: TimeAttack
LogPlatformFile: Not using cached read wrapper
LogInit:Display: RandInit(-783080070) SRandInit(-783080066).
LogTaskGraph: Started task graph with 4 named threads and 7 total threads with 1 sets of task threads.
LogStats: Stats thread started at 2.554797
OCULUS: Info: [CAPI] LibOVR module is located at C:\Program Files\Oculus\Support\oculus-runtime\LibOVRRT64_1.dll
OCULUS: Debug: Connected to the server running version (prod = 1).1.6.0(build = 250620) feature version = 0. Client runs version (prod = 1).1.6.0(build = 250620) feature version = 0
LogInit: Version: 4.12.5-3039270+++UE4+Release-4.12
LogInit: API Version: 2992821
LogInit: Net Version: 3039270
LogDevObjectVersion: Number of dev versions registered: 13
LogDevObjectVersion:   Dev-Blueprints (B0D832E4-1F89-4F0D-ACCF-7EB736FD4AA2): 3
LogDevObjectVersion:   Dev-Build (E1C64328-A22C-4D53-A36C-8E866417BD8C): 0
LogDevObjectVersion:   Dev-Core (375EC13C-06E4-48FB-B500-84F0262A717E): 1
LogDevObjectVersion:   Dev-Editor (E4B068ED-F494-42E9-A231-DA0B2E46BB41): 2
LogDevObjectVersion:   Dev-Framework (CFFC743F-43B0-4480-9391-14DF171D2073): 6
LogDevObjectVersion:   Dev-Mobile (B02B49B5-BB20-44E9-A304-32B752E40360): 0
LogDevObjectVersion:   Dev-Networking (A4E4105C-59A1-49B5-A7C5-40C4547EDFEE): 0
LogDevObjectVersion:   Dev-Online (39C831C9-5AE6-47DC-9A44-9C173E1C8E7C): 0
LogDevObjectVersion:   Dev-Physics (78F01B33-EBEA-4F98-B9B4-84EACCB95AA2): 0
LogDevObjectVersion:   Dev-Platform (6631380F-2D4D-43E0-8009-CF276956A95A): 0
LogDevObjectVersion:   Dev-Rendering (12F88B9F-8875-4AFC-A67C-D90C383ABD29): 2
LogDevObjectVersion:   Dev-Sequencer (7B5AE74C-D270-4C10-A958-57980B212A5A): 0
LogDevObjectVersion:   Dev-VR (D7296918-1DD6-4BDD-9DE2-64A83CC13884): 0
LogInit: Compiled (64-bit): Jul  6 2016 09:09:46
LogInit: Compiled with Visual C++: 19.00.23026.00
LogInit: Build Configuration: Development
LogInit: Branch Name: ++UE4+Release-4.12
LogInit: Command line:  
LogInit: Base directory: D:/Epic Games/4.12/Engine/Binaries/Win64/
LogInit: Installed Engine Build: 1
LogInit: Using libcurl 7.41.0
LogInit:  - built for x86_64-pc-win32
LogInit:  - supports SSL with WinSSL
LogInit:  - other features:
LogInit:      CURL_VERSION_SSL
LogInit:      CURL_VERSION_IPV6
LogInit:      CURL_VERSION_ASYNCHDNS
LogInit:      CURL_VERSION_LARGEFILE
LogInit:      CURL_VERSION_IDN
LogInit:  CurlRequestOptions (configurable via config and command line):
LogInit:  - bVerifyPeer = true  - Libcurl will verify peer certificate
LogInit:  - bUseHttpProxy = false  - Libcurl will NOT use HTTP proxy
LogInit:  - bDontReuseConnections = false  - Libcurl will reuse connections
LogInit:  - CertBundlePath = nullptr  - Libcurl will use whatever was configured at build time.
LogInit: Presizing for max 8388607 objects, including 0 objects not considered by GC, pre-allocating 0 bytes for permanent pool.
LogInit: Object subsystem initialized
[2016.07.21-01.38.33:034][  0]LogInit: Selected Device Profile: [Windows]
[2016.07.21-01.38.33:034][  0]LogInit: Applying CVar settings loaded from the selected device profile: [Windows]
[2016.07.21-01.38.33:115][  0]LogInit: Computer: HARMONY-PC
[2016.07.21-01.38.33:132][  0]LogInit: User: harmony
[2016.07.21-01.38.33:132][  0]LogInit: CPU Page size=65536, Cores=4
[2016.07.21-01.38.33:132][  0]LogInit: High frequency timer resolution =3.221767 MHz
[2016.07.21-01.38.33:134][  0]LogMemory: Memory total: Physical=15.8GB (16GB approx)
[2016.07.21-01.38.33:134][  0]LogMemory: Platform Memory Stats for Windows
[2016.07.21-01.38.33:134][  0]LogMemory: Process Physical Memory: 197.54 MB used, 197.54 MB peak
[2016.07.21-01.38.33:134][  0]LogMemory: Process Virtual Memory: 202.29 MB used, 202.29 MB peak
[2016.07.21-01.38.33:134][  0]LogMemory: Physical Memory: 5155.26 MB used, 16229.06 MB total
[2016.07.21-01.38.33:134][  0]LogMemory: Virtual Memory: 581.18 MB used, 8388608.00 MB total
[2016.07.21-01.38.33:612][  0]LogTextLocalizationManager: No specific translations for ('ko-KR') exist, so ('ko') translations will be used.
[2016.07.21-01.38.33:721][  0]LogTextLocalizationManager:Warning: Loaded localization resources contain conflicting entries for (Namespace:KismetSchema, Key:Default):
Localization Resource: (D:/Epic Games/4.12/Engine/Content/Localization/EditorTutorials/ko/EditorTutorials.locres) Source String Hash: (940523119) Localized String: (디폴트)
Localization Resource: (D:/Epic Games/4.12/Engine/Content/Localization/Engine/ko/Engine.locres) Source String Hash: (940523119) Localized String: (기본)
[2016.07.21-01.38.33:721][  0]LogTextLocalizationManager:Warning: Loaded localization resources contain conflicting entries for (Namespace:UObjectToolTips, Key:AnimNode_AssetPlayerBase:InternalTimeAccumulator):
Localization Resource: (D:/Epic Games/4.12/Engine/Content/Localization/EditorTutorials/ko/EditorTutorials.locres) Source String Hash: (502993589) Localized String: (이 노드에서 애셋을 레퍼런싱하는 데 사용되는 누적 시간입니다.)
Localization Resource: (D:/Epic Games/4.12/Engine/Content/Localization/Engine/ko/Engine.locres) Source String Hash: (502993589) Localized String: (이 노드에서 애셋을 레퍼런싱하는 데 사용된 누적 시간입니다.)
[2016.07.21-01.38.33:721][  0]LogTextLocalizationManager:Warning: Loaded localization resources contain conflicting entries for (Namespace:UObjectToolTips, Key:AnimNode_AssetPlayerBase:bIgnoreForRelevancyTest):
Localization Resource: (D:/Epic Games/4.12/Engine/Content/Localization/EditorTutorials/ko/EditorTutorials.locres) Source String Hash: (319969718) Localized String: (True 면, 스테이트에서 최고 가중치 애니메이션을 찾는 "Relevant anim" 노드는 이 노드를 무시합니다.
 )
Localization Resource: (D:/Epic Games/4.12/Engine/Content/Localization/Engine/ko/Engine.locres) Source String Hash: (319969718) Localized String: (True 면 스테이트 내 최고 웨이팅된 애니메이션을 찾는 "Relevant anim" 노드가 무시됩니다.
 )
[2016.07.21-01.38.33:721][  0]LogTextLocalizationManager:Warning: Loaded localization resources contain conflicting entries for (Namespace:UObjectToolTips, Key:AnimNode_AssetPlayerBase:BlendWeight):
Localization Resource: (D:/Epic Games/4.12/Engine/Content/Localization/EditorTutorials/ko/EditorTutorials.locres) Source String Hash: (-1232800293) Localized String: (이 노드에 마지막 걸린 블렌드웨이트 입니다.)
Localization Resource: (D:/Epic Games/4.12/Engine/Content/Localization/Engine/ko/Engine.locres) Source String Hash: (-1232800293) Localized String: (이 노드에 대해 마지막 접한 블렌드 웨이트)
[2016.07.21-01.38.34:407][  0]LogD3D11RHI: D3D11 adapters:
[2016.07.21-01.38.34:417][  0]LogD3D11RHI:    0. 'AMD Radeon HD 7800 Series' (Feature Level 11_0)
[2016.07.21-01.38.34:417][  0]LogD3D11RHI:       2027/0/3840 MB DedicatedVideo/DedicatedSystem/SharedSystem, Outputs:2, VendorId:0x1002
[2016.07.21-01.38.34:417][  0]LogD3D11RHI: Chosen D3D11 Adapter: 0
[2016.07.21-01.38.34:423][  0]LogD3D11RHI: Creating new Direct3DDevice
[2016.07.21-01.38.34:423][  0]LogD3D11RHI:     GPU DeviceId: 0x6819 (for the marketing name, search the web for "GPU Device Id")
[2016.07.21-01.38.34:432][  0]LogWindows: EnumDisplayDevices:
[2016.07.21-01.38.34:432][  0]LogWindows:    0. 'AMD Radeon HD 7800 Series' (P:1 D:1)
[2016.07.21-01.38.34:433][  0]LogWindows:    1. 'AMD Radeon HD 7800 Series' (P:0 D:1)
[2016.07.21-01.38.34:434][  0]LogWindows:    2. 'AMD Radeon HD 7800 Series' (P:0 D:0)
[2016.07.21-01.38.34:434][  0]LogWindows:    3. 'AMD Radeon HD 7800 Series' (P:0 D:0)
[2016.07.21-01.38.34:435][  0]LogWindows:    4. 'AMD Radeon HD 7800 Series' (P:0 D:0)
[2016.07.21-01.38.34:436][  0]LogWindows:    5. 'AMD Radeon HD 7800 Series' (P:0 D:0)
[2016.07.21-01.38.34:436][  0]LogWindows:    6. 'RDPDD Chained DD' (P:0 D:0)
[2016.07.21-01.38.34:437][  0]LogWindows:    7. 'RDP Encoder Mirror Driver' (P:0 D:0)
[2016.07.21-01.38.34:437][  0]LogWindows:    8. 'RDP Reflector Display Driver' (P:0 D:0)
[2016.07.21-01.38.34:437][  0]LogWindows: DebugString: GetVideoDriverDetailsInvalid PrimaryIsNotTheChoosenAdapter GetVideoDriverDetailsInvalid PrimaryIsNotTheChoosenAdapter GetVideoDriverDetailsInvalid PrimaryIsNotTheChoosenAdapter FoundDriverCount:6 
[2016.07.21-01.38.34:437][  0]LogD3D11RHI:     Adapter Name: AMD Radeon HD 7800 Series
[2016.07.21-01.38.34:437][  0]LogD3D11RHI:   Driver Version: Catalyst 15.7 (internal:15.200.1046.0, unified:15.200.1046.0)
[2016.07.21-01.38.34:437][  0]LogD3D11RHI:      Driver Date: 6-22-2015
[2016.07.21-01.38.34:437][  0]LogRHI: Texture pool is 1361 MB (70% of 1945 MB)
[2016.07.21-01.38.34:446][  0]LogD3D11RHI: Async texture creation disabled: no driver support
[2016.07.21-01.38.34:702][  0]LogD3D11RHI: GPU Timing Frequency: 27.000000 (Debug: 2 1)
[2016.07.21-01.38.34:787][  0]LogShaderCompilers: Guid format shader working directory is 8 characters bigger than the processId version (../../../../../Study/Unreal4/Study/TimeAttack/Intermediate/Shaders/WorkingDirectory/7172/).
[2016.07.21-01.38.34:787][  0]LogShaderCompilers: Cleaned the shader compiler working directory 'C:/Users/HARMON~1.BRI/AppData/Local/Temp/UnrealShaderWorkingDir/5E41CE684017D68674D96FABD758397C/'.
[2016.07.21-01.38.34:793][  0]LogShaderCompilers:Display: Using Local Shader Compiler.
[2016.07.21-01.38.37:512][  0]LogTemp:Display: Loaded TP AllDesktopTargetPlatform
[2016.07.21-01.38.37:522][  0]LogTemp:Display: Loaded TP WindowsClientTargetPlatform
[2016.07.21-01.38.37:532][  0]LogTemp:Display: Loaded TP WindowsNoEditorTargetPlatform
[2016.07.21-01.38.37:543][  0]LogTemp:Display: Loaded TP WindowsServerTargetPlatform
[2016.07.21-01.38.37:552][  0]LogTemp:Display: Loaded TP WindowsTargetPlatform
[2016.07.21-01.38.37:562][  0]LogTemp:Display: Loaded TP AndroidTargetPlatform
[2016.07.21-01.38.37:572][  0]LogTemp:Display: Loaded TP Android_ASTCTargetPlatform
[2016.07.21-01.38.37:582][  0]LogTemp:Display: Loaded TP Android_ATCTargetPlatform
[2016.07.21-01.38.37:591][  0]LogTemp:Display: Loaded TP Android_DXTTargetPlatform
[2016.07.21-01.38.37:601][  0]LogTemp:Display: Loaded TP Android_ETC1TargetPlatform
[2016.07.21-01.38.37:610][  0]LogTemp:Display: Loaded TP Android_ETC2TargetPlatform
[2016.07.21-01.38.37:628][  0]LogTemp:Display: Loaded TP Android_MultiTargetPlatform
[2016.07.21-01.38.37:628][  0]LogTemp:Display: Loaded TP Android_PVRTCTargetPlatform
[2016.07.21-01.38.37:631][  0]LogTemp:Display: Loaded TP HTML5TargetPlatform
[2016.07.21-01.38.37:673][  0]LogTemp:Display: Loaded TP IOSTargetPlatform
[2016.07.21-01.38.37:682][  0]LogTemp:Display: Loaded TP TVOSTargetPlatform
[2016.07.21-01.38.37:690][  0]LogTemp:Display: Loaded TP LinuxNoEditorTargetPlatform
[2016.07.21-01.38.37:699][  0]LogTemp:Display: Loaded TP LinuxServerTargetPlatform
[2016.07.21-01.38.37:717][  0]LogTemp:Display: Loaded TP LinuxTargetPlatform
[2016.07.21-01.38.37:717][  0]LogTargetPlatformManager:Display: Building Assets For Windows
[2016.07.21-01.38.38:213][  0]LogDerivedDataCache:Display: Max Cache Size: 512 MB
[2016.07.21-01.38.38:367][  0]LogDerivedDataCache: Loaded boot cache 0.15s 48MB C:/Users/Harmony.BRIDEA/AppData/Local/UnrealEngine/4.12/DerivedDataCache/Boot.ddc.
[2016.07.21-01.38.38:368][  0]LogDerivedDataCache:Display: Loaded Boot cache: C:/Users/Harmony.BRIDEA/AppData/Local/UnrealEngine/4.12/DerivedDataCache/Boot.ddc
[2016.07.21-01.38.38:368][  0]LogDerivedDataCache: FDerivedDataBackendGraph:  Pak pak cache file ../../../../../Study/Unreal4/Study/TimeAttack/DerivedDataCache/DDC.ddp not found, will not use a pak cache.
[2016.07.21-01.38.38:368][  0]LogDerivedDataCache: Unable to find inner node Pak for hierarchical cache Hierarchy.
[2016.07.21-01.38.38:368][  0]LogDerivedDataCache: FDerivedDataBackendGraph:  CompressedPak pak cache file ../../../../../Study/Unreal4/Study/TimeAttack/DerivedDataCache/Compressed.ddp not found, will not use a pak cache.
[2016.07.21-01.38.38:368][  0]LogDerivedDataCache: Unable to find inner node CompressedPak for hierarchical cache Hierarchy.
[2016.07.21-01.38.38:434][  0]LogDerivedDataCache:Display: Pak cache opened for reading ../../../Engine/DerivedDataCache/Compressed.ddp.
[2016.07.21-01.38.38:447][  0]LogDerivedDataCache: Using Local data cache path C:/Users/Harmony.BRIDEA/AppData/Local/UnrealEngine/Common/DerivedDataCache: Writable
[2016.07.21-01.38.43:230][  0]LogInit: Selected Device Profile: [Windows]
[2016.07.21-01.38.43:243][  0]LogContentStreaming: Texture pool size is 0.00 MB
[2016.07.21-01.38.44:702][  0]LogMeshUtilities: No automatic mesh reduction module available
[2016.07.21-01.38.44:702][  0]LogMeshUtilities: No automatic mesh merging module available
[2016.07.21-01.38.44:702][  0]LogMeshUtilities: No distributed automatic mesh merging module available
[2016.07.21-01.38.46:377][  0]LogAssetRegistry: FAssetRegistry took 0.0266 seconds to start up
[2016.07.21-01.38.46:481][  0]LogPackageLocalizationCache: Processed 3 localized package path(s) for 2 prioritized culture(s) in 0.030049 seconds
[2016.07.21-01.38.46:542][  0]LogUObjectArray: 28739 objects as part of root set at end of initial load.
[2016.07.21-01.38.46:542][  0]LogUObjectAllocator: 5855624 out of 0 bytes used by permanent object pool.
[2016.07.21-01.38.46:542][  0]LogUObjectArray: CloseDisregardForGC: 0/0 objects in disregard for GC pool
[2016.07.21-01.38.46:549][  0]LogInit: WinSock: version 1.1 (2.2), MaxSocks=32767, MaxUdp=65467
[2016.07.21-01.38.52:335][  0]LogSlate: SlateFontCache - WITH_FREETYPE: 1, WITH_HARFBUZZ: 1
[2016.07.21-01.38.52:335][  0]LogSlate: SlateFontCache - WITH_FREETYPE: 1, WITH_HARFBUZZ: 1
[2016.07.21-01.38.56:308][  0]LogUdpMessaging: Initializing bridge on interface 0.0.0.0:0 to multicast group 230.0.0.1:6666.
[2016.07.21-01.38.57:719][  0]SourceControl: 정보 소스 콘트롤이 꺼졌습니다.
[2016.07.21-01.38.57:735][  0]SourceControl: 정보 소스 콘트롤이 꺼졌습니다.
[2016.07.21-01.38.57:782][  0]SourceControl: 정보 소스 콘트롤이 꺼졌습니다.
[2016.07.21-01.38.57:810][  0]SourceControl: 정보 소스 콘트롤이 꺼졌습니다.
[2016.07.21-01.38.58:799][  0]LogEngine: Initializing Engine...
[2016.07.21-01.38.58:819][  0]LogHMD: SteamVR failed to initialize.  Err: 110
[2016.07.21-01.38.58:820][  0]LogHMD: SteamVR failed to initialize.  Err: 110
[2016.07.21-01.38.58:835][  0]LogHMD: Oculus plugin initialized. Version: 4.12.5-3039270+++UE4+Release-4.12, LibOVR: 1.6.0, SDK: 1.3.2, built Jul  6 2016, 09:11:15
[2016.07.21-01.38.59:498][  0]LogAIModule: Creating AISystem for world NewWorld
[2016.07.21-01.38.59:609][  0]LogInit: XAudio2 using 'Realtek Digital Output(Realtek High Definition Audio)' : 2 channels at 48 kHz using 16 bits per sample (channel mask 0x3)
[2016.07.21-01.38.59:628][  0]LogInit: FAudioDevice initialized.
[2016.07.21-01.38.59:654][  0]LogDerivedDataCache: Saved boot cache 0.03s 48MB C:/Users/Harmony.BRIDEA/AppData/Local/UnrealEngine/4.12/DerivedDataCache/Boot.ddc.
[2016.07.21-01.38.59:659][  0]LogInit: Texture streaming: Enabled
[2016.07.21-01.38.59:773][  0]LogInit: Transaction tracking system initialized
[2016.07.21-01.39.00:072][  0]BlueprintLog: New page: 에디터 로드
[2016.07.21-01.39.01:104][  0]LocalizationService: 정보 현지화 서비스가 비활성화되었습니다.
[2016.07.21-01.39.01:650][  0]LogConsoleResponse:Display: 
[2016.07.21-01.39.03:729][  0]LogFileCache: Scanning file cache for directory 'D:/Study/Unreal4/Study/TimeAttack/Content/' took 0.01s
[2016.07.21-01.39.03:729][  0]LogCook:Display: Max memory allowance for cook 8192mb
[2016.07.21-01.39.03:729][  0]LogCook:Display: Mobile HDR setting 1
[2016.07.21-01.39.06:266][  0]SourceControl: 정보 소스 콘트롤이 꺼졌습니다.
[2016.07.21-01.39.06:316][  0]Cmd: MAP LOAD FILE="../../../../../Study/Unreal4/Study/TimeAttack/Content/VehicleBP/Maps/VehicleExampleMap.umap" TEMPLATE=0 SHOWPROGRESS=1 FEATURELEVEL=3
[2016.07.21-01.39.06:329][  0]LightingResults: New page: 라이팅 빌드
[2016.07.21-01.39.06:438][  0]MapCheck: New page: 맵 체크
[2016.07.21-01.39.06:438][  0]LightingResults: New page: 라이팅 빌드
[2016.07.21-01.39.08:188][  0]LogAIModule: Creating AISystem for world VehicleExampleMap
[2016.07.21-01.39.08:603][  0]LogEditorServer: Finished looking for orphan Actors (0.000 secs)
[2016.07.21-01.39.08:643][  0]Cmd: MAP CHECKDEP NOCLEARLOG
[2016.07.21-01.39.08:697][  0]MapCheck: 정보 맵 체크 완료: 오류 0 회, 경고 0 회, 소요 시간 54.703ms.
[2016.07.21-01.39.08:697][  0]LogFileHelpers: Loading map 'VehicleExampleMap' took 2.407
[2016.07.21-01.39.09:932][  0]LogCollectionManager: Loaded 0 collections in 0.001515 seconds
[2016.07.21-01.39.10:049][  0]LogFileCache: Scanning file cache for directory 'D:/Study/Unreal4/Study/TimeAttack/Saved/Collections/' took 0.01s
[2016.07.21-01.39.10:049][  0]LogFileCache: Scanning file cache for directory 'D:/Study/Unreal4/Study/TimeAttack/Content/Developers/harmony/Collections/' took 0.01s
[2016.07.21-01.39.10:049][  0]LogFileCache: Scanning file cache for directory 'D:/Study/Unreal4/Study/TimeAttack/Content/Collections/' took 0.01s
[2016.07.21-01.39.10:049][  0]LogCollectionManager: Rebuilt the GUID cache for 0 collections in 0.000002 seconds
[2016.07.21-01.39.10:061][  0]LogContentBrowser: Native class hierarchy populated in 0.0111 seconds. Added 2047 classes and 369 folders.
[2016.07.21-01.39.10:121][  0]LogStats: UGameplayTagsManager::ConstructGameplayTagTree: Construct from data asset -  0.000 s
[2016.07.21-01.39.10:121][  0]LogStats: UGameplayTagsManager::ConstructGameplayTagTree: GameplayTagTreeChangedEvent.Broadcast -  0.000 s
[2016.07.21-01.39.10:122][  0]LogContentBrowser: Native class hierarchy updated for 'GameplayTags' in 0.0005 seconds. Added 12 classes and 0 folders.
[2016.07.21-01.39.10:128][  0]LogContentBrowser: Native class hierarchy updated for 'WidgetCarousel' in 0.0004 seconds. Added 0 classes and 0 folders.
[2016.07.21-01.39.10:909][  0]LogContentBrowser: Native class hierarchy updated for 'AddContentDialog' in 0.0004 seconds. Added 0 classes and 0 folders.
[2016.07.21-01.39.10:971][  0]LogContentBrowser: Native class hierarchy updated for 'SceneOutliner' in 0.0004 seconds. Added 1 classes and 2 folders.
[2016.07.21-01.39.11:325][  0]LogCrashTracker: Crashtracker disabled due to settings.
[2016.07.21-01.39.11:495][  0]LogUObjectGlobals:Warning: 'Class 없음.' 오브젝트를 찾는 데 실패했습니다.
[2016.07.21-01.39.11:600][  0]LogContentBrowser: Native class hierarchy updated for 'HierarchicalLODOutliner' in 0.0008 seconds. Added 1 classes and 2 folders.
[2016.07.21-01.39.11:600][  0]LogLoad: Full Startup: 45.08 seconds (BP compile: 0.39 seconds)
[2016.07.21-01.39.11:600][  0]LogExternalProfiler: Found external profiler: VSPerf
[2016.07.21-01.39.11:600][  0]LogExternalProfiler: Using external profiler: VSPerf
[2016.07.21-01.39.11:955][  0]LogOcInput: OculusInput pre-init called
[2016.07.21-01.39.11:969][  0]LogOcInput: OculusInput is initialized. Init status 0. Runtime version: 1.6.0
[2016.07.21-01.39.12:154][  0]LogContentStreaming: Texture pool size now 1000 MB
[2016.07.21-01.39.12:703][  0]LogRenderer: Reallocating scene render targets to support 960x576 (Frame:2).
[2016.07.21-01.39.13:600][  2]LogAssetRegistry: Asset discovery search completed in 27.2465 seconds
[2016.07.21-01.39.13:600][  2]LogCollectionManager: Rebuilt the object cache for 0 collections in 0.000001 seconds (found 0 objects)
[2016.07.21-01.39.13:600][  2]LogCollectionManager: Fixed up redirectors for 0 collections in 0.000018 seconds (updated 0 objects)
[2016.07.21-01.56.40:773][989]LogContentBrowser: Native class hierarchy updated for 'BlueprintGraph' in 0.0007 seconds. Added 111 classes and 0 folders.
[2016.07.21-01.57.39:493][ 78]LogRenderer: Reallocating scene render targets to support 1144x712 (Frame:1564).
[2016.07.21-01.57.53:703][ 56]BlueprintLog: New page: BP_SaveGameActor 컴파일
[2016.07.21-01.57.54:031][ 56]BlueprintEditorCompileResults: 정보 [1167.64] BP_SaveGameActor 컴파일에 성공했습니다! [소요시간 328 ms] (/Game/StarterContent/Blueprints/BP_SaveGameActor.BP_SaveGameActor)
[2016.07.21-01.57.54:688][ 92]Cmd: OBJ SAVEPACKAGE PACKAGE="/Game/StarterContent/Blueprints/BP_SaveGameActor" FILE="../../../../../Study/Unreal4/Study/TimeAttack/Content/StarterContent/Blueprints/BP_SaveGameActor.uasset" SILENT=true
[2016.07.21-01.57.54:713][ 92]LogSavePackage: Save=17.67ms
[2016.07.21-01.57.54:713][ 92]LogSavePackage: Moving '../../../../../Study/Unreal4/Study/TimeAttack/Saved/BP_SaveGameActor2E42E71A4C4FD4834380E098DF4F83E7.tmp' to '../../../../../Study/Unreal4/Study/TimeAttack/Content/StarterContent/Blueprints/BP_SaveGameActor.uasset'
[2016.07.21-01.57.54:715][ 92]LogSavePackage:Display: Finished SavePackage ../../../../../Study/Unreal4/Study/TimeAttack/Content/StarterContent/Blueprints/BP_SaveGameActor.uasset
[2016.07.21-01.58.02:629][816]Cmd: DELETE
[2016.07.21-01.58.02:629][816]Cmd: ACTOR DELETE
[2016.07.21-01.58.02:674][816]LogEditorActor: Deleted Actor: BP_SaveGameActor_C
[2016.07.21-01.58.02:690][816]LogEditorActor: Deleted 1 Actors (0.027 secs)
[2016.07.21-01.59.36:151][669]BlueprintLog: New page: BP_SaveGameActor 컴파일
[2016.07.21-01.59.36:339][669]BlueprintEditorCompileResults: 정보 [1269.96] BP_SaveGameActor 컴파일에 성공했습니다! [소요시간 188 ms] (/Game/StarterContent/Blueprints/BP_SaveGameActor.BP_SaveGameActor)
[2016.07.21-01.59.36:647][694]Cmd: OBJ SAVEPACKAGE PACKAGE="/Game/StarterContent/Blueprints/BP_SaveGameActor" FILE="../../../../../Study/Unreal4/Study/TimeAttack/Content/StarterContent/Blueprints/BP_SaveGameActor.uasset" SILENT=true
[2016.07.21-01.59.36:688][694]LogSavePackage: Save=7.87ms
[2016.07.21-01.59.36:688][694]LogSavePackage: Moving '../../../../../Study/Unreal4/Study/TimeAttack/Saved/BP_SaveGameActorBF2BE0BC4EBF1F6F8747BFBC02C1BA94.tmp' to '../../../../../Study/Unreal4/Study/TimeAttack/Content/StarterContent/Blueprints/BP_SaveGameActor.uasset'
[2016.07.21-01.59.36:689][694]LogSavePackage:Display: Finished SavePackage ../../../../../Study/Unreal4/Study/TimeAttack/Content/StarterContent/Blueprints/BP_SaveGameActor.uasset
[2016.07.21-01.59.48:904][147]BlueprintLog: New page: BP_SaveGameActor 컴파일
[2016.07.21-01.59.48:981][147]BlueprintEditorCompileResults: 정보 [1282.60] BP_SaveGameActor 컴파일에 성공했습니다! [소요시간 76 ms] (/Game/StarterContent/Blueprints/BP_SaveGameActor.BP_SaveGameActor)
[2016.07.21-01.59.49:479][196]Cmd: OBJ SAVEPACKAGE PACKAGE="/Game/StarterContent/Blueprints/BP_SaveGameActor" FILE="../../../../../Study/Unreal4/Study/TimeAttack/Content/StarterContent/Blueprints/BP_SaveGameActor.uasset" SILENT=true
[2016.07.21-01.59.49:488][196]LogSavePackage: Save=7.78ms
[2016.07.21-01.59.49:488][196]LogSavePackage: Moving '../../../../../Study/Unreal4/Study/TimeAttack/Saved/BP_SaveGameActor72C7F4824C3AD45EE4F3C4AE567383F7.tmp' to '../../../../../Study/Unreal4/Study/TimeAttack/Content/StarterContent/Blueprints/BP_SaveGameActor.uasset'
[2016.07.21-01.59.49:490][196]LogSavePackage:Display: Finished SavePackage ../../../../../Study/Unreal4/Study/TimeAttack/Content/StarterContent/Blueprints/BP_SaveGameActor.uasset
[2016.07.21-01.59.59:795][417]BlueprintLog: New page: BP_SaveGameActor 컴파일
[2016.07.21-01.59.59:870][417]BlueprintEditorCompileResults: 정보 [1293.49] BP_SaveGameActor 컴파일에 성공했습니다! [소요시간 75 ms] (/Game/StarterContent/Blueprints/BP_SaveGameActor.BP_SaveGameActor)
[2016.07.21-02.00.00:411][470]Cmd: OBJ SAVEPACKAGE PACKAGE="/Game/StarterContent/Blueprints/BP_SaveGameActor" FILE="../../../../../Study/Unreal4/Study/TimeAttack/Content/StarterContent/Blueprints/BP_SaveGameActor.uasset" SILENT=true
[2016.07.21-02.00.00:421][470]LogSavePackage: Save=7.62ms
[2016.07.21-02.00.00:421][470]LogSavePackage: Moving '../../../../../Study/Unreal4/Study/TimeAttack/Saved/BP_SaveGameActorE8E3EE01408DE624ADC81A90936440DE.tmp' to '../../../../../Study/Unreal4/Study/TimeAttack/Content/StarterContent/Blueprints/BP_SaveGameActor.uasset'
[2016.07.21-02.00.00:423][470]LogSavePackage:Display: Finished SavePackage ../../../../../Study/Unreal4/Study/TimeAttack/Content/StarterContent/Blueprints/BP_SaveGameActor.uasset
[2016.07.21-02.00.08:499][336]LogEditorViewport: Clicking on Actor (LMB): BP_SaveGameActor_C (BP_SaveGameActor)
[2016.07.21-02.03.48:641][723]LogSlate:Warning: Prevented a slow task dialog from being summoned while a context menu was open
[2016.07.21-02.08.38:637][847]LogSavePackage: Save=460.50ms
[2016.07.21-02.08.38:637][847]LogSavePackage: Moving '../../../../../Study/Unreal4/Study/TimeAttack/Saved/VehicleExampleMap_Auto1C313FF0042D77BADF29BBB89363B63C0.tmp' to '../../../../../Study/Unreal4/Study/TimeAttack/Saved/Autosaves/Game/VehicleBP/Maps/VehicleExampleMap_Auto1.umap'
[2016.07.21-02.08.38:695][847]LogSavePackage:Display: Finished SavePackage ../../../../../Study/Unreal4/Study/TimeAttack/Saved/Autosaves/Game/VehicleBP/Maps/VehicleExampleMap_Auto1.umap
[2016.07.21-02.08.38:696][847]LogFileHelpers: Editor autosave (incl. sublevels) for '/Game/VehicleBP/Maps/VehicleExampleMap' took 0.618
[2016.07.21-02.08.38:696][847]LogFileHelpers: Editor autosave (incl. sublevels) for all levels took 0.618
[2016.07.21-02.08.38:704][847]OBJ SavePackage: Generating thumbnails for [0] asset(s) in package [/Game/StarterContent/Blueprints/BP_SaveGameActor] ([1] browsable assets)...
[2016.07.21-02.08.38:704][847]OBJ SavePackage: Finished generating thumbnails for package [/Game/StarterContent/Blueprints/BP_SaveGameActor]
[2016.07.21-02.08.38:737][847]LogSavePackage: Save=29.38ms
[2016.07.21-02.08.38:737][847]LogSavePackage: Moving '../../../../../Study/Unreal4/Study/TimeAttack/Saved/BP_SaveGameActor_Auto14885433745855A84365C2398FF8DFC75.tmp' to '../../../../../Study/Unreal4/Study/TimeAttack/Saved/Autosaves/Game/StarterContent/Blueprints/BP_SaveGameActor_Auto1.uasset'
[2016.07.21-02.08.38:754][847]LogSavePackage:Display: Finished SavePackage ../../../../../Study/Unreal4/Study/TimeAttack/Saved/Autosaves/Game/StarterContent/Blueprints/BP_SaveGameActor_Auto1.uasset
[2016.07.21-02.08.38:754][847]LogFileHelpers: Auto-saving content packages took 0.050
[2016.07.21-02.32.04:436][695]LogUObjectHash:Warning: Ambiguous search, could be K2Node_VariableSet /Game/StarterContent/Blueprints/BP_SaveGameActor.BP_SaveGameActor:EventGraph.K2Node_VariableSet_5 or K2Node_VariableSet /Engine/Transient.PROTO_BP_Blueprint_0:UserConstructionScript.K2Node_VariableSet_5
[2016.07.21-02.32.04:436][695]LogProperty:Warning: ObjectProperty /Script/Engine.EdGraphPin:LinkedTo.LinkedTo: unresolved reference to 'EdGraphPin'K2Node_VariableSet_5.EdGraphPin_164''
[2016.07.21-02.32.04:437][695]LogUObjectHash:Warning: Ambiguous search, could be K2Node_VariableSet /Game/StarterContent/Blueprints/BP_SaveGameActor.BP_SaveGameActor:EventGraph.K2Node_VariableSet_6 or K2Node_VariableSet /Engine/Transient.PROTO_BP_Blueprint_0:UserConstructionScript.K2Node_VariableSet_6
[2016.07.21-02.32.04:437][695]LogProperty:Warning: ObjectProperty /Script/Engine.EdGraphPin:LinkedTo.LinkedTo: unresolved reference to 'EdGraphPin'K2Node_VariableSet_6.EdGraphPin_169''
[2016.07.21-02.32.04:437][695]LogUObjectHash:Warning: Ambiguous search, could be K2Node_VariableSet /Game/StarterContent/Blueprints/BP_SaveGameActor.BP_SaveGameActor:EventGraph.K2Node_VariableSet_7 or K2Node_VariableSet /Engine/Transient.PROTO_BP_Blueprint_0:UserConstructionScript.K2Node_VariableSet_7
[2016.07.21-02.32.04:437][695]LogProperty:Warning: ObjectProperty /Script/Engine.EdGraphPin:LinkedTo.LinkedTo: unresolved reference to 'EdGraphPin'K2Node_VariableSet_7.EdGraphPin_174''
[2016.07.21-02.35.59:225][856]LogSavePackage: Save=488.18ms
[2016.07.21-02.35.59:225][856]LogSavePackage: Moving '../../../../../Study/Unreal4/Study/TimeAttack/Saved/VehicleExampleMap_Auto29BB0F4184B6E232726E6F69814FD8D9F.tmp' to '../../../../../Study/Unreal4/Study/TimeAttack/Saved/Autosaves/Game/VehicleBP/Maps/VehicleExampleMap_Auto2.umap'
[2016.07.21-02.35.59:278][856]LogSavePackage:Display: Finished SavePackage ../../../../../Study/Unreal4/Study/TimeAttack/Saved/Autosaves/Game/VehicleBP/Maps/VehicleExampleMap_Auto2.umap
[2016.07.21-02.35.59:279][856]LogFileHelpers: Editor autosave (incl. sublevels) for '/Game/VehicleBP/Maps/VehicleExampleMap' took 0.577
[2016.07.21-02.35.59:279][856]LogFileHelpers: Editor autosave (incl. sublevels) for all levels took 0.577
[2016.07.21-02.35.59:281][856]OBJ SavePackage: Generating thumbnails for [0] asset(s) in package [/Game/StarterContent/Blueprints/BP_SaveGameActor] ([1] browsable assets)...
[2016.07.21-02.35.59:281][856]OBJ SavePackage: Finished generating thumbnails for package [/Game/StarterContent/Blueprints/BP_SaveGameActor]
[2016.07.21-02.35.59:337][856]LogSavePackage: Save=52.45ms
[2016.07.21-02.35.59:337][856]LogSavePackage: Moving '../../../../../Study/Unreal4/Study/TimeAttack/Saved/BP_SaveGameActor_Auto276DFD6D84A1D7FE12059D1A3D62B2C5D.tmp' to '../../../../../Study/Unreal4/Study/TimeAttack/Saved/Autosaves/Game/StarterContent/Blueprints/BP_SaveGameActor_Auto2.uasset'
[2016.07.21-02.35.59:338][856]LogSavePackage:Display: Finished SavePackage ../../../../../Study/Unreal4/Study/TimeAttack/Saved/Autosaves/Game/StarterContent/Blueprints/BP_SaveGameActor_Auto2.uasset
[2016.07.21-02.35.59:338][856]LogFileHelpers: Auto-saving content packages took 0.058
[2016.07.21-02.37.49:080][470]BlueprintLog: New page: BP_SaveGameActor 컴파일
[2016.07.21-02.37.49:635][470]BlueprintEditorCompileResults: 정보 [3563.51] BP_SaveGameActor 컴파일에 성공했습니다! [소요시간 555 ms] (/Game/StarterContent/Blueprints/BP_SaveGameActor.BP_SaveGameActor)
[2016.07.21-02.37.50:608][536]Cmd: OBJ SAVEPACKAGE PACKAGE="/Game/StarterContent/Blueprints/BP_SaveGameActor" FILE="../../../../../Study/Unreal4/Study/TimeAttack/Content/StarterContent/Blueprints/BP_SaveGameActor.uasset" SILENT=true
[2016.07.21-02.37.50:663][536]LogSavePackage: Save=53.02ms
[2016.07.21-02.37.50:663][536]LogSavePackage: Moving '../../../../../Study/Unreal4/Study/TimeAttack/Saved/BP_SaveGameActorF501425F4E5F2F4CB6FD82B75EA26A44.tmp' to '../../../../../Study/Unreal4/Study/TimeAttack/Content/StarterContent/Blueprints/BP_SaveGameActor.uasset'
[2016.07.21-02.37.50:665][536]LogSavePackage:Display: Finished SavePackage ../../../../../Study/Unreal4/Study/TimeAttack/Content/StarterContent/Blueprints/BP_SaveGameActor.uasset
[2016.07.21-02.46.00:189][544]LogSavePackage: Save=429.59ms
[2016.07.21-02.46.00:189][544]LogSavePackage: Moving '../../../../../Study/Unreal4/Study/TimeAttack/Saved/VehicleExampleMap_Auto32B6513EE4E2F7D26DC26179B78D2016A.tmp' to '../../../../../Study/Unreal4/Study/TimeAttack/Saved/Autosaves/Game/VehicleBP/Maps/VehicleExampleMap_Auto3.umap'
[2016.07.21-02.46.00:249][544]LogSavePackage:Display: Finished SavePackage ../../../../../Study/Unreal4/Study/TimeAttack/Saved/Autosaves/Game/VehicleBP/Maps/VehicleExampleMap_Auto3.umap
[2016.07.21-02.46.00:251][544]LogFileHelpers: Editor autosave (incl. sublevels) for '/Game/VehicleBP/Maps/VehicleExampleMap' took 0.521
[2016.07.21-02.46.00:251][544]LogFileHelpers: Editor autosave (incl. sublevels) for all levels took 0.521
[2016.07.21-03.17.37:726][781]LogBlueprintUserMessages: Early PlayInEditor Detection: Level '/Game/VehicleBP/Maps/VehicleExampleMap.VehicleExampleMap:PersistentLevel' has LevelScriptBlueprint '/Game/VehicleBP/Maps/VehicleExampleMap.VehicleExampleMap:PersistentLevel.VehicleExampleMap' with GeneratedClass '/Game/VehicleBP/Maps/VehicleExampleMap.VehicleExampleMap_C' with ClassGeneratedBy '/Game/VehicleBP/Maps/VehicleExampleMap.VehicleExampleMap:PersistentLevel.VehicleExampleMap'
[2016.07.21-03.17.37:727][781]LogPlayLevel: PlayLevel: No blueprints needed recompiling
[2016.07.21-03.17.37:727][781]LogApp: UseVRFocus has changed to 1
[2016.07.21-03.17.37:727][781]LogApp: HasVRFocus has changed to 1
[2016.07.21-03.17.37:727][781]LogApp: UseVRFocus has changed to 0
[2016.07.21-03.17.37:727][781]LogApp: HasVRFocus has changed to 0
[2016.07.21-03.17.40:474][781]PIE: New page: PIE 세션: VehicleExampleMap (2016. 7. 21. 오후 9:17:37)
[2016.07.21-03.17.40:474][781]LogPlayLevel: Creating play world package: /Game/VehicleBP/Maps/UEDPIE_0_VehicleExampleMap
[2016.07.21-03.17.40:521][781]LogPlayLevel: PIE: StaticDuplicateObject took: (0.047487s)
[2016.07.21-03.17.40:522][781]LogAIModule: Creating AISystem for world VehicleExampleMap
[2016.07.21-03.17.40:522][781]LogPlayLevel: PIE: World Init took: (0.000868s)
[2016.07.21-03.17.40:522][781]LogPlayLevel: PIE: Created PIE world by copying editor world from /Game/VehicleBP/Maps/VehicleExampleMap.VehicleExampleMap to /Game/VehicleBP/Maps/UEDPIE_0_VehicleExampleMap.VehicleExampleMap (0.048596s)
[2016.07.21-03.17.40:540][781]LogApp: UseVRFocus has changed to 1
[2016.07.21-03.17.40:540][781]LogApp: HasVRFocus has changed to 1
[2016.07.21-03.17.40:540][781]LogApp: UseVRFocus has changed to 0
[2016.07.21-03.17.40:540][781]LogApp: HasVRFocus has changed to 0
[2016.07.21-03.17.40:556][781]LogInit: XAudio2 using '스피커(Realtek High Definition Audio)' : 2 channels at 48 kHz using 32 bits per sample (channel mask 0x3)
[2016.07.21-03.17.40:574][781]LogInit: FAudioDevice initialized.
[2016.07.21-03.17.40:699][781]LogWorld: Game class is 'VehicleGameMode_C'
[2016.07.21-03.17.40:756][781]LogWorld: Bringing World /Game/VehicleBP/Maps/UEDPIE_0_VehicleExampleMap.VehicleExampleMap up for play (max tick rate 0) at 2016.07.21-12.17.40
[2016.07.21-03.17.40:797][781]LogWorld: Bringing up level for play took: 0.053174
[2016.07.21-03.17.40:842][781]LogContentBrowser: Native class hierarchy updated for 'MovieSceneCapture' in 0.0005 seconds. Added 11 classes and 0 folders.
[2016.07.21-03.17.40:892][781]PIE: 정보 /Game/VehicleBP/Maps/UEDPIE_0_VehicleExampleMap 에 대한 에디터에서 플레이 시작 시간: 3.243
[2016.07.21-03.17.40:892][781]LogBlueprintUserMessages: Late PlayInEditor Detection: Level '/Game/VehicleBP/Maps/VehicleExampleMap.VehicleExampleMap:PersistentLevel' has LevelScriptBlueprint '/Game/VehicleBP/Maps/VehicleExampleMap.VehicleExampleMap:PersistentLevel.VehicleExampleMap' with GeneratedClass '/Game/VehicleBP/Maps/VehicleExampleMap.VehicleExampleMap_C' with ClassGeneratedBy '/Game/VehicleBP/Maps/VehicleExampleMap.VehicleExampleMap:PersistentLevel.VehicleExampleMap'
[2016.07.21-03.17.59:605][950]LogBlueprintUserMessages: Early EndPlayMap Detection: Level '/Game/VehicleBP/Maps/VehicleExampleMap.VehicleExampleMap:PersistentLevel' has LevelScriptBlueprint '/Game/VehicleBP/Maps/VehicleExampleMap.VehicleExampleMap:PersistentLevel.VehicleExampleMap' with GeneratedClass '/Game/VehicleBP/Maps/VehicleExampleMap.VehicleExampleMap_C' with ClassGeneratedBy '/Game/VehicleBP/Maps/VehicleExampleMap.VehicleExampleMap:PersistentLevel.VehicleExampleMap'
[2016.07.21-03.17.59:704][950]LogBlueprintUserMessages: Late EndPlayMap Detection: Level '/Game/VehicleBP/Maps/VehicleExampleMap.VehicleExampleMap:PersistentLevel' has LevelScriptBlueprint '/Game/VehicleBP/Maps/VehicleExampleMap.VehicleExampleMap:PersistentLevel.VehicleExampleMap' with GeneratedClass '/Game/VehicleBP/Maps/VehicleExampleMap.VehicleExampleMap_C' with ClassGeneratedBy '/Game/VehicleBP/Maps/VehicleExampleMap.VehicleExampleMap:PersistentLevel.VehicleExampleMap'
[2016.07.21-03.19.55:540][549]LogBlueprintUserMessages: Early PlayInEditor Detection: Level '/Game/VehicleBP/Maps/VehicleExampleMap.VehicleExampleMap:PersistentLevel' has LevelScriptBlueprint '/Game/VehicleBP/Maps/VehicleExampleMap.VehicleExampleMap:PersistentLevel.VehicleExampleMap' with GeneratedClass '/Game/VehicleBP/Maps/VehicleExampleMap.VehicleExampleMap_C' with ClassGeneratedBy '/Game/VehicleBP/Maps/VehicleExampleMap.VehicleExampleMap:PersistentLevel.VehicleExampleMap'
[2016.07.21-03.19.55:541][549]LogPlayLevel: PlayLevel: No blueprints needed recompiling
[2016.07.21-03.19.55:541][549]LogApp: UseVRFocus has changed to 1
[2016.07.21-03.19.55:541][549]LogApp: HasVRFocus has changed to 1
[2016.07.21-03.19.55:541][549]LogApp: UseVRFocus has changed to 0
[2016.07.21-03.19.55:541][549]LogApp: HasVRFocus has changed to 0
[2016.07.21-03.19.55:541][549]PIE: New page: PIE 세션: VehicleExampleMap (2016. 7. 21. 오후 9:19:55)
[2016.07.21-03.19.55:541][549]LogPlayLevel: Creating play world package: /Game/VehicleBP/Maps/UEDPIE_0_VehicleExampleMap
[2016.07.21-03.19.55:586][549]LogPlayLevel: PIE: StaticDuplicateObject took: (0.045354s)
[2016.07.21-03.19.55:587][549]LogAIModule: Creating AISystem for world VehicleExampleMap
[2016.07.21-03.19.55:587][549]LogPlayLevel: PIE: World Init took: (0.000767s)
[2016.07.21-03.19.55:587][549]LogPlayLevel: PIE: Created PIE world by copying editor world from /Game/VehicleBP/Maps/VehicleExampleMap.VehicleExampleMap to /Game/VehicleBP/Maps/UEDPIE_0_VehicleExampleMap.VehicleExampleMap (0.046362s)
[2016.07.21-03.19.55:605][549]LogApp: UseVRFocus has changed to 1
[2016.07.21-03.19.55:605][549]LogApp: HasVRFocus has changed to 1
[2016.07.21-03.19.55:605][549]LogApp: UseVRFocus has changed to 0
[2016.07.21-03.19.55:605][549]LogApp: HasVRFocus has changed to 0
[2016.07.21-03.19.55:621][549]LogInit: XAudio2 using '스피커(Realtek High Definition Audio)' : 2 channels at 48 kHz using 32 bits per sample (channel mask 0x3)
[2016.07.21-03.19.55:637][549]LogInit: FAudioDevice initialized.
[2016.07.21-03.19.55:687][549]LogWorld: Game class is 'VehicleGameMode_C'
[2016.07.21-03.19.55:695][549]LogWorld: Bringing World /Game/VehicleBP/Maps/UEDPIE_0_VehicleExampleMap.VehicleExampleMap up for play (max tick rate 0) at 2016.07.21-12.19.55
[2016.07.21-03.19.55:696][549]LogWorld: Bringing up level for play took: 0.005005
[2016.07.21-03.19.55:697][549]PIE: 정보 /Game/VehicleBP/Maps/UEDPIE_0_VehicleExampleMap 에 대한 에디터에서 플레이 시작 시간: 0.063
[2016.07.21-03.19.55:697][549]LogBlueprintUserMessages: Late PlayInEditor Detection: Level '/Game/VehicleBP/Maps/VehicleExampleMap.VehicleExampleMap:PersistentLevel' has LevelScriptBlueprint '/Game/VehicleBP/Maps/VehicleExampleMap.VehicleExampleMap:PersistentLevel.VehicleExampleMap' with GeneratedClass '/Game/VehicleBP/Maps/VehicleExampleMap.VehicleExampleMap_C' with ClassGeneratedBy '/Game/VehicleBP/Maps/VehicleExampleMap.VehicleExampleMap:PersistentLevel.VehicleExampleMap'
[2016.07.21-03.21.02:805][445]LogBlueprintUserMessages: Early EndPlayMap Detection: Level '/Game/VehicleBP/Maps/VehicleExampleMap.VehicleExampleMap:PersistentLevel' has LevelScriptBlueprint '/Game/VehicleBP/Maps/VehicleExampleMap.VehicleExampleMap:PersistentLevel.VehicleExampleMap' with GeneratedClass '/Game/VehicleBP/Maps/VehicleExampleMap.VehicleExampleMap_C' with ClassGeneratedBy '/Game/VehicleBP/Maps/VehicleExampleMap.VehicleExampleMap:PersistentLevel.VehicleExampleMap'
[2016.07.21-03.21.02:883][445]LogBlueprintUserMessages: Late EndPlayMap Detection: Level '/Game/VehicleBP/Maps/VehicleExampleMap.VehicleExampleMap:PersistentLevel' has LevelScriptBlueprint '/Game/VehicleBP/Maps/VehicleExampleMap.VehicleExampleMap:PersistentLevel.VehicleExampleMap' with GeneratedClass '/Game/VehicleBP/Maps/VehicleExampleMap.VehicleExampleMap_C' with ClassGeneratedBy '/Game/VehicleBP/Maps/VehicleExampleMap.VehicleExampleMap:PersistentLevel.VehicleExampleMap'
[2016.07.21-03.21.03:297][446]Cmd: SELECT NONE
[2016.07.21-03.21.33:424][893]BlueprintLog: New page: VehicleHUD 컴파일
[2016.07.21-03.21.33:574][893]BlueprintEditorCompileResults: 정보 [6187.75] VehicleHUD 컴파일에 성공했습니다! [소요시간 149 ms] (/Game/VehicleBP/Blueprints/VehicleHUD.VehicleHUD)
[2016.07.21-03.21.33:913][921]Cmd: OBJ SAVEPACKAGE PACKAGE="/Game/VehicleBP/Blueprints/VehicleHUD" FILE="../../../../../Study/Unreal4/Study/TimeAttack/Content/VehicleBP/Blueprints/VehicleHUD.uasset" SILENT=true
[2016.07.21-03.21.34:057][921]LogSavePackage: Save=140.12ms
[2016.07.21-03.21.34:057][921]LogSavePackage: Moving '../../../../../Study/Unreal4/Study/TimeAttack/Saved/VehicleHUD77941293402B4EB7D23ADAB6273E59A7.tmp' to '../../../../../Study/Unreal4/Study/TimeAttack/Content/VehicleBP/Blueprints/VehicleHUD.uasset'
[2016.07.21-03.21.34:058][921]LogSavePackage:Display: Finished SavePackage ../../../../../Study/Unreal4/Study/TimeAttack/Content/VehicleBP/Blueprints/VehicleHUD.uasset
[2016.07.21-03.22.07:182][536]LogSavePackage: Save=464.46ms
[2016.07.21-03.22.07:182][536]LogSavePackage: Moving '../../../../../Study/Unreal4/Study/TimeAttack/Saved/VehicleExampleMap_Auto4A1004F7A459B6FD2812C99A35E479D0A.tmp' to '../../../../../Study/Unreal4/Study/TimeAttack/Saved/Autosaves/Game/VehicleBP/Maps/VehicleExampleMap_Auto4.umap'
[2016.07.21-03.22.07:242][536]LogSavePackage:Display: Finished SavePackage ../../../../../Study/Unreal4/Study/TimeAttack/Saved/Autosaves/Game/VehicleBP/Maps/VehicleExampleMap_Auto4.umap
[2016.07.21-03.22.07:243][536]LogFileHelpers: Editor autosave (incl. sublevels) for '/Game/VehicleBP/Maps/VehicleExampleMap' took 0.623
[2016.07.21-03.22.07:243][536]LogFileHelpers: Editor autosave (incl. sublevels) for all levels took 0.623
[2016.07.21-09.27.06:074][573]LogSlate:Warning: Prevented a slow task dialog from being summoned while a context menu was open
[2016.07.21-09.32.42:505][644]BlueprintLog: New page: VehicleHUD 컴파일
[2016.07.21-09.32.42:807][644]BlueprintEditorCompileResults: 정보 [8456.07] VehicleHUD 컴파일에 성공했습니다! [소요시간 302 ms] (/Game/VehicleBP/Blueprints/VehicleHUD.VehicleHUD)
[2016.07.21-09.32.43:619][669]Cmd: OBJ SAVEPACKAGE PACKAGE="/Game/VehicleBP/Blueprints/VehicleHUD" FILE="../../../../../Study/Unreal4/Study/TimeAttack/Content/VehicleBP/Blueprints/VehicleHUD.uasset" SILENT=true
[2016.07.21-09.32.43:797][669]LogSavePackage: Save=174.78ms
[2016.07.21-09.32.43:797][669]LogSavePackage: Moving '../../../../../Study/Unreal4/Study/TimeAttack/Saved/VehicleHUD26A671214DCFF117C9CAEEAD4FA39400.tmp' to '../../../../../Study/Unreal4/Study/TimeAttack/Content/VehicleBP/Blueprints/VehicleHUD.uasset'
[2016.07.21-09.32.43:798][669]LogSavePackage:Display: Finished SavePackage ../../../../../Study/Unreal4/Study/TimeAttack/Content/VehicleBP/Blueprints/VehicleHUD.uasset
[2016.07.21-09.33.15:123][388]BlueprintLog: New page: VehicleHUD 컴파일
[2016.07.21-09.33.15:329][388]BlueprintEditorCompileResults: 정보 [8488.59] VehicleHUD 컴파일에 성공했습니다! [소요시간 206 ms] (/Game/VehicleBP/Blueprints/VehicleHUD.VehicleHUD)
[2016.07.21-09.33.16:108][390]Cmd: OBJ SAVEPACKAGE PACKAGE="/Game/VehicleBP/Blueprints/VehicleHUD" FILE="../../../../../Study/Unreal4/Study/TimeAttack/Content/VehicleBP/Blueprints/VehicleHUD.uasset" SILENT=true
[2016.07.21-09.33.16:295][390]LogSavePackage: Save=174.36ms
[2016.07.21-09.33.16:295][390]LogSavePackage: Moving '../../../../../Study/Unreal4/Study/TimeAttack/Saved/VehicleHUD3D84B77F414C703165FC7CB7CBC40B95.tmp' to '../../../../../Study/Unreal4/Study/TimeAttack/Content/VehicleBP/Blueprints/VehicleHUD.uasset'
[2016.07.21-09.33.16:296][390]LogSavePackage:Display: Finished SavePackage ../../../../../Study/Unreal4/Study/TimeAttack/Content/VehicleBP/Blueprints/VehicleHUD.uasset
[2016.07.21-09.34.05:607][557]LogSavePackage: Save=567.56ms
[2016.07.21-09.34.05:607][557]LogSavePackage: Moving '../../../../../Study/Unreal4/Study/TimeAttack/Saved/VehicleExampleMap_Auto54019739246CBEF46BB7AFFA606251F83.tmp' to '../../../../../Study/Unreal4/Study/TimeAttack/Saved/Autosaves/Game/VehicleBP/Maps/VehicleExampleMap_Auto5.umap'
[2016.07.21-09.34.05:671][557]LogSavePackage:Display: Finished SavePackage ../../../../../Study/Unreal4/Study/TimeAttack/Saved/Autosaves/Game/VehicleBP/Maps/VehicleExampleMap_Auto5.umap
[2016.07.21-09.34.05:672][557]LogFileHelpers: Editor autosave (incl. sublevels) for '/Game/VehicleBP/Maps/VehicleExampleMap' took 0.726
[2016.07.21-09.34.05:672][557]LogFileHelpers: Editor autosave (incl. sublevels) for all levels took 0.726
[2016.07.21-09.34.35:945][304]LogSavePackage: Save=556.16ms
[2016.07.21-09.34.35:945][304]LogSavePackage: Moving '../../../../../Study/Unreal4/Study/TimeAttack/Saved/VehicleExampleMap6AEA721A4C2EDC3788AFDBABAD04A6B6.tmp' to '../../../../../Study/Unreal4/Study/TimeAttack/Content/VehicleBP/Maps/VehicleExampleMap.umap'
[2016.07.21-09.34.35:968][304]LogSavePackage:Display: Finished SavePackage ../../../../../Study/Unreal4/Study/TimeAttack/Content/VehicleBP/Maps/VehicleExampleMap.umap
[2016.07.21-09.34.35:985][304]LogFileHelpers: Saving map 'VehicleExampleMap' took 0.669
[2016.07.21-09.34.38:238][545]LogBlueprintUserMessages: Early PlayInEditor Detection: Level '/Game/VehicleBP/Maps/VehicleExampleMap.VehicleExampleMap:PersistentLevel' has LevelScriptBlueprint '/Game/VehicleBP/Maps/VehicleExampleMap.VehicleExampleMap:PersistentLevel.VehicleExampleMap' with GeneratedClass '/Game/VehicleBP/Maps/VehicleExampleMap.VehicleExampleMap_C' with ClassGeneratedBy '/Game/VehicleBP/Maps/VehicleExampleMap.VehicleExampleMap:PersistentLevel.VehicleExampleMap'
[2016.07.21-09.34.38:238][545]LogPlayLevel: PlayLevel: No blueprints needed recompiling
[2016.07.21-09.34.38:238][545]LogApp: UseVRFocus has changed to 1
[2016.07.21-09.34.38:238][545]LogApp: HasVRFocus has changed to 1
[2016.07.21-09.34.38:238][545]LogApp: UseVRFocus has changed to 0
[2016.07.21-09.34.38:238][545]LogApp: HasVRFocus has changed to 0
[2016.07.21-09.34.38:238][545]PIE: New page: PIE 세션: VehicleExampleMap (2016. 7. 22. 오전 3:34:38)
[2016.07.21-09.34.38:238][545]LogPlayLevel: Creating play world package: /Game/VehicleBP/Maps/UEDPIE_0_VehicleExampleMap
[2016.07.21-09.34.38:287][545]LogPlayLevel: PIE: StaticDuplicateObject took: (0.048683s)
[2016.07.21-09.34.38:288][545]LogAIModule: Creating AISystem for world VehicleExampleMap
[2016.07.21-09.34.38:288][545]LogPlayLevel: PIE: World Init took: (0.000666s)
[2016.07.21-09.34.38:288][545]LogPlayLevel: PIE: Created PIE world by copying editor world from /Game/VehicleBP/Maps/VehicleExampleMap.VehicleExampleMap to /Game/VehicleBP/Maps/UEDPIE_0_VehicleExampleMap.VehicleExampleMap (0.049553s)
[2016.07.21-09.34.38:313][545]LogApp: UseVRFocus has changed to 1
[2016.07.21-09.34.38:313][545]LogApp: HasVRFocus has changed to 1
[2016.07.21-09.34.38:313][545]LogApp: UseVRFocus has changed to 0
[2016.07.21-09.34.38:313][545]LogApp: HasVRFocus has changed to 0
[2016.07.21-09.34.38:329][545]LogInit: XAudio2 using '스피커(Realtek High Definition Audio)' : 2 channels at 48 kHz using 32 bits per sample (channel mask 0x3)
[2016.07.21-09.34.38:347][545]LogInit: FAudioDevice initialized.
[2016.07.21-09.34.38:395][545]LogWorld: Game class is 'VehicleGameMode_C'
[2016.07.21-09.34.38:403][545]LogWorld: Bringing World /Game/VehicleBP/Maps/UEDPIE_0_VehicleExampleMap.VehicleExampleMap up for play (max tick rate 0) at 2016.07.21-18.34.38
[2016.07.21-09.34.38:403][545]LogWorld: Bringing up level for play took: 0.005553
[2016.07.21-09.34.38:405][545]PIE: 정보 /Game/VehicleBP/Maps/UEDPIE_0_VehicleExampleMap 에 대한 에디터에서 플레이 시작 시간: -0.134
[2016.07.21-09.34.38:405][545]LogBlueprintUserMessages: Late PlayInEditor Detection: Level '/Game/VehicleBP/Maps/VehicleExampleMap.VehicleExampleMap:PersistentLevel' has LevelScriptBlueprint '/Game/VehicleBP/Maps/VehicleExampleMap.VehicleExampleMap:PersistentLevel.VehicleExampleMap' with GeneratedClass '/Game/VehicleBP/Maps/VehicleExampleMap.VehicleExampleMap_C' with ClassGeneratedBy '/Game/VehicleBP/Maps/VehicleExampleMap.VehicleExampleMap:PersistentLevel.VehicleExampleMap'
[2016.07.21-09.36.32:268][764]LogBlueprintUserMessages: Early EndPlayMap Detection: Level '/Game/VehicleBP/Maps/VehicleExampleMap.VehicleExampleMap:PersistentLevel' has LevelScriptBlueprint '/Game/VehicleBP/Maps/VehicleExampleMap.VehicleExampleMap:PersistentLevel.VehicleExampleMap' with GeneratedClass '/Game/VehicleBP/Maps/VehicleExampleMap.VehicleExampleMap_C' with ClassGeneratedBy '/Game/VehicleBP/Maps/VehicleExampleMap.VehicleExampleMap:PersistentLevel.VehicleExampleMap'
[2016.07.21-09.36.32:322][764]LogBlueprintUserMessages: Late EndPlayMap Detection: Level '/Game/VehicleBP/Maps/VehicleExampleMap.VehicleExampleMap:PersistentLevel' has LevelScriptBlueprint '/Game/VehicleBP/Maps/VehicleExampleMap.VehicleExampleMap:PersistentLevel.VehicleExampleMap' with GeneratedClass '/Game/VehicleBP/Maps/VehicleExampleMap.VehicleExampleMap_C' with ClassGeneratedBy '/Game/VehicleBP/Maps/VehicleExampleMap.VehicleExampleMap:PersistentLevel.VehicleExampleMap'
[2016.07.21-09.36.34:765][ 10]LogBlueprintUserMessages: Early PlayInEditor Detection: Level '/Game/VehicleBP/Maps/VehicleExampleMap.VehicleExampleMap:PersistentLevel' has LevelScriptBlueprint '/Game/VehicleBP/Maps/VehicleExampleMap.VehicleExampleMap:PersistentLevel.VehicleExampleMap' with