Log file open, 07/22/16 16:26:40
LogInit:Display: Running engine for game: TimeAttack
LogPlatformFile: Not using cached read wrapper
LogInit:Display: RandInit(1868851750) SRandInit(1868851752).
LogTaskGraph: Started task graph with 4 named threads and 7 total threads with 1 sets of task threads.
LogStats: Stats thread started at 2.621054
OCULUS: Info: [CAPI] LibOVR module is located at C:\Program Files\Oculus\Support\oculus-runtime\LibOVRRT64_1.dll
OCULUS: Debug: Connected to the server running version (prod = 1).1.6.0(build = 250620) feature version = 0. Client runs version (prod = 1).1.6.0(build = 250620) feature version = 0
LogInit: Version: 4.12.5-3039270+++UE4+Release-4.12
LogInit: API Version: 2992821
LogInit: Net Version: 3039270
LogDevObjectVersion: Number of dev versions registered: 13
LogDevObjectVersion:   Dev-Blueprints (B0D832E4-1F89-4F0D-ACCF-7EB736FD4AA2): 3
LogDevObjectVersion:   Dev-Build (E1C64328-A22C-4D53-A36C-8E866417BD8C): 0
LogDevObjectVersion:   Dev-Core (375EC13C-06E4-48FB-B500-84F0262A717E): 1
LogDevObjectVersion:   Dev-Editor (E4B068ED-F494-42E9-A231-DA0B2E46BB41): 2
LogDevObjectVersion:   Dev-Framework (CFFC743F-43B0-4480-9391-14DF171D2073): 6
LogDevObjectVersion:   Dev-Mobile (B02B49B5-BB20-44E9-A304-32B752E40360): 0
LogDevObjectVersion:   Dev-Networking (A4E4105C-59A1-49B5-A7C5-40C4547EDFEE): 0
LogDevObjectVersion:   Dev-Online (39C831C9-5AE6-47DC-9A44-9C173E1C8E7C): 0
LogDevObjectVersion:   Dev-Physics (78F01B33-EBEA-4F98-B9B4-84EACCB95AA2): 0
LogDevObjectVersion:   Dev-Platform (6631380F-2D4D-43E0-8009-CF276956A95A): 0
LogDevObjectVersion:   Dev-Rendering (12F88B9F-8875-4AFC-A67C-D90C383ABD29): 2
LogDevObjectVersion:   Dev-Sequencer (7B5AE74C-D270-4C10-A958-57980B212A5A): 0
LogDevObjectVersion:   Dev-VR (D7296918-1DD6-4BDD-9DE2-64A83CC13884): 0
LogInit: Compiled (64-bit): Jul  6 2016 09:09:46
LogInit: Compiled with Visual C++: 19.00.23026.00
LogInit: Build Configuration: Development
LogInit: Branch Name: ++UE4+Release-4.12
LogInit: Command line:  
LogInit: Base directory: D:/Epic Games/4.12/Engine/Binaries/Win64/
LogInit: Installed Engine Build: 1
LogInit: Using libcurl 7.41.0
LogInit:  - built for x86_64-pc-win32
LogInit:  - supports SSL with WinSSL
LogInit:  - other features:
LogInit:      CURL_VERSION_SSL
LogInit:      CURL_VERSION_IPV6
LogInit:      CURL_VERSION_ASYNCHDNS
LogInit:      CURL_VERSION_LARGEFILE
LogInit:      CURL_VERSION_IDN
LogInit:  CurlRequestOptions (configurable via config and command line):
LogInit:  - bVerifyPeer = true  - Libcurl will verify peer certificate
LogInit:  - bUseHttpProxy = false  - Libcurl will NOT use HTTP proxy
LogInit:  - bDontReuseConnections = false  - Libcurl will reuse connections
LogInit:  - CertBundlePath = nullptr  - Libcurl will use whatever was configured at build time.
LogInit: Presizing for max 8388607 objects, including 0 objects not considered by GC, pre-allocating 0 bytes for permanent pool.
LogInit: Object subsystem initialized
[2016.07.22-07.26.40:729][  0]LogInit: Selected Device Profile: [Windows]
[2016.07.22-07.26.40:729][  0]LogInit: Applying CVar settings loaded from the selected device profile: [Windows]
[2016.07.22-07.26.40:834][  0]LogInit: Computer: HARMONY-PC
[2016.07.22-07.26.40:851][  0]LogInit: User: harmony
[2016.07.22-07.26.40:851][  0]LogInit: CPU Page size=65536, Cores=4
[2016.07.22-07.26.40:851][  0]LogInit: High frequency timer resolution =3.221767 MHz
[2016.07.22-07.26.40:853][  0]LogMemory: Memory total: Physical=15.9GB (16GB approx)
[2016.07.22-07.26.40:853][  0]LogMemory: Platform Memory Stats for Windows
[2016.07.22-07.26.40:853][  0]LogMemory: Process Physical Memory: 197.32 MB used, 197.32 MB peak
[2016.07.22-07.26.40:853][  0]LogMemory: Process Virtual Memory: 202.07 MB used, 202.07 MB peak
[2016.07.22-07.26.40:853][  0]LogMemory: Physical Memory: 5535.46 MB used, 16303.06 MB total
[2016.07.22-07.26.40:853][  0]LogMemory: Virtual Memory: 579.18 MB used, 8388608.00 MB total
[2016.07.22-07.26.41:614][  0]LogTextLocalizationManager: No specific translations for ('ko-KR') exist, so ('ko') translations will be used.
[2016.07.22-07.26.41:798][  0]LogTextLocalizationManager:Warning: Loaded localization resources contain conflicting entries for (Namespace:KismetSchema, Key:Default):
Localization Resource: (D:/Epic Games/4.12/Engine/Content/Localization/EditorTutorials/ko/EditorTutorials.locres) Source String Hash: (940523119) Localized String: (디폴트)
Localization Resource: (D:/Epic Games/4.12/Engine/Content/Localization/Engine/ko/Engine.locres) Source String Hash: (940523119) Localized String: (기본)
[2016.07.22-07.26.41:798][  0]LogTextLocalizationManager:Warning: Loaded localization resources contain conflicting entries for (Namespace:UObjectToolTips, Key:AnimNode_AssetPlayerBase:InternalTimeAccumulator):
Localization Resource: (D:/Epic Games/4.12/Engine/Content/Localization/EditorTutorials/ko/EditorTutorials.locres) Source String Hash: (502993589) Localized String: (이 노드에서 애셋을 레퍼런싱하는 데 사용되는 누적 시간입니다.)
Localization Resource: (D:/Epic Games/4.12/Engine/Content/Localization/Engine/ko/Engine.locres) Source String Hash: (502993589) Localized String: (이 노드에서 애셋을 레퍼런싱하는 데 사용된 누적 시간입니다.)
[2016.07.22-07.26.41:798][  0]LogTextLocalizationManager:Warning: Loaded localization resources contain conflicting entries for (Namespace:UObjectToolTips, Key:AnimNode_AssetPlayerBase:bIgnoreForRelevancyTest):
Localization Resource: (D:/Epic Games/4.12/Engine/Content/Localization/EditorTutorials/ko/EditorTutorials.locres) Source String Hash: (319969718) Localized String: (True 면, 스테이트에서 최고 가중치 애니메이션을 찾는 "Relevant anim" 노드는 이 노드를 무시합니다.
 )
Localization Resource: (D:/Epic Games/4.12/Engine/Content/Localization/Engine/ko/Engine.locres) Source String Hash: (319969718) Localized String: (True 면 스테이트 내 최고 웨이팅된 애니메이션을 찾는 "Relevant anim" 노드가 무시됩니다.
 )
[2016.07.22-07.26.41:798][  0]LogTextLocalizationManager:Warning: Loaded localization resources contain conflicting entries for (Namespace:UObjectToolTips, Key:AnimNode_AssetPlayerBase:BlendWeight):
Localization Resource: (D:/Epic Games/4.12/Engine/Content/Localization/EditorTutorials/ko/EditorTutorials.locres) Source String Hash: (-1232800293) Localized String: (이 노드에 마지막 걸린 블렌드웨이트 입니다.)
Localization Resource: (D:/Epic Games/4.12/Engine/Content/Localization/Engine/ko/Engine.locres) Source String Hash: (-1232800293) Localized String: (이 노드에 대해 마지막 접한 블렌드 웨이트)
[2016.07.22-07.26.42:342][  0]LogD3D11RHI: D3D11 adapters:
[2016.07.22-07.26.42:352][  0]LogD3D11RHI:    0. 'AMD Radeon HD 7800 Series' (Feature Level 11_0)
[2016.07.22-07.26.42:352][  0]LogD3D11RHI:       2027/0/3840 MB DedicatedVideo/DedicatedSystem/SharedSystem, Outputs:2, VendorId:0x1002
[2016.07.22-07.26.42:352][  0]LogD3D11RHI: Chosen D3D11 Adapter: 0
[2016.07.22-07.26.42:358][  0]LogD3D11RHI: Creating new Direct3DDevice
[2016.07.22-07.26.42:358][  0]LogD3D11RHI:     GPU DeviceId: 0x6819 (for the marketing name, search the web for "GPU Device Id")
[2016.07.22-07.26.42:367][  0]LogWindows: EnumDisplayDevices:
[2016.07.22-07.26.42:368][  0]LogWindows:    0. 'AMD Radeon HD 7800 Series' (P:1 D:1)
[2016.07.22-07.26.42:368][  0]LogWindows:    1. 'AMD Radeon HD 7800 Series' (P:0 D:1)
[2016.07.22-07.26.42:369][  0]LogWindows:    2. 'AMD Radeon HD 7800 Series' (P:0 D:0)
[2016.07.22-07.26.42:370][  0]LogWindows:    3. 'AMD Radeon HD 7800 Series' (P:0 D:0)
[2016.07.22-07.26.42:370][  0]LogWindows:    4. 'AMD Radeon HD 7800 Series' (P:0 D:0)
[2016.07.22-07.26.42:371][  0]LogWindows:    5. 'AMD Radeon HD 7800 Series' (P:0 D:0)
[2016.07.22-07.26.42:372][  0]LogWindows:    6. 'RDPDD Chained DD' (P:0 D:0)
[2016.07.22-07.26.42:372][  0]LogWindows:    7. 'RDP Encoder Mirror Driver' (P:0 D:0)
[2016.07.22-07.26.42:373][  0]LogWindows:    8. 'RDP Reflector Display Driver' (P:0 D:0)
[2016.07.22-07.26.42:373][  0]LogWindows: DebugString: GetVideoDriverDetailsInvalid PrimaryIsNotTheChoosenAdapter GetVideoDriverDetailsInvalid PrimaryIsNotTheChoosenAdapter GetVideoDriverDetailsInvalid PrimaryIsNotTheChoosenAdapter FoundDriverCount:6 
[2016.07.22-07.26.42:373][  0]LogD3D11RHI:     Adapter Name: AMD Radeon HD 7800 Series
[2016.07.22-07.26.42:373][  0]LogD3D11RHI:   Driver Version: Crimson 16.7.3 (internal:16.200.1035.1001, unified:16.200.1035.1001)
[2016.07.22-07.26.42:373][  0]LogD3D11RHI:      Driver Date: 7-8-2016
[2016.07.22-07.26.42:373][  0]LogRHI: Texture pool is 1361 MB (70% of 1945 MB)
[2016.07.22-07.26.42:381][  0]LogD3D11RHI: Async texture creation disabled: no driver support
[2016.07.22-07.26.42:630][  0]LogD3D11RHI: GPU Timing Frequency: 27.000000 (Debug: 2 1)
[2016.07.22-07.26.42:722][  0]LogShaderCompilers: Guid format shader working directory is 8 characters bigger than the processId version (../../../../../Study/Unreal4/Study/TimeAttack/Intermediate/Shaders/WorkingDirectory/8960/).
[2016.07.22-07.26.42:722][  0]LogShaderCompilers: Cleaned the shader compiler working directory 'C:/Users/HARMON~1.BRI/AppData/Local/Temp/UnrealShaderWorkingDir/C72AE2A042FE7772ACE5D397881A94C5/'.
[2016.07.22-07.26.42:729][  0]LogShaderCompilers:Display: Using Local Shader Compiler.
[2016.07.22-07.26.45:681][  0]LogTemp:Display: Loaded TP AllDesktopTargetPlatform
[2016.07.22-07.26.45:690][  0]LogTemp:Display: Loaded TP WindowsClientTargetPlatform
[2016.07.22-07.26.45:700][  0]LogTemp:Display: Loaded TP WindowsNoEditorTargetPlatform
[2016.07.22-07.26.45:709][  0]LogTemp:Display: Loaded TP WindowsServerTargetPlatform
[2016.07.22-07.26.45:718][  0]LogTemp:Display: Loaded TP WindowsTargetPlatform
[2016.07.22-07.26.45:744][  0]LogTemp:Display: Loaded TP AndroidTargetPlatform
[2016.07.22-07.26.45:752][  0]LogTemp:Display: Loaded TP Android_ASTCTargetPlatform
[2016.07.22-07.26.45:761][  0]LogTemp:Display: Loaded TP Android_ATCTargetPlatform
[2016.07.22-07.26.45:770][  0]LogTemp:Display: Loaded TP Android_DXTTargetPlatform
[2016.07.22-07.26.45:778][  0]LogTemp:Display: Loaded TP Android_ETC1TargetPlatform
[2016.07.22-07.26.45:787][  0]LogTemp:Display: Loaded TP Android_ETC2TargetPlatform
[2016.07.22-07.26.45:804][  0]LogTemp:Display: Loaded TP Android_MultiTargetPlatform
[2016.07.22-07.26.45:804][  0]LogTemp:Display: Loaded TP Android_PVRTCTargetPlatform
[2016.07.22-07.26.45:806][  0]LogTemp:Display: Loaded TP HTML5TargetPlatform
[2016.07.22-07.26.45:875][  0]LogTemp:Display: Loaded TP IOSTargetPlatform
[2016.07.22-07.26.45:883][  0]LogTemp:Display: Loaded TP TVOSTargetPlatform
[2016.07.22-07.26.45:891][  0]LogTemp:Display: Loaded TP LinuxNoEditorTargetPlatform
[2016.07.22-07.26.45:900][  0]LogTemp:Display: Loaded TP LinuxServerTargetPlatform
[2016.07.22-07.26.45:935][  0]LogTemp:Display: Loaded TP LinuxTargetPlatform
[2016.07.22-07.26.45:935][  0]LogTargetPlatformManager:Display: Building Assets For Windows
[2016.07.22-07.26.46:465][  0]LogDerivedDataCache:Display: Max Cache Size: 512 MB
[2016.07.22-07.26.46:608][  0]LogDerivedDataCache: Loaded boot cache 0.14s 48MB C:/Users/Harmony.BRIDEA/AppData/Local/UnrealEngine/4.12/DerivedDataCache/Boot.ddc.
[2016.07.22-07.26.46:608][  0]LogDerivedDataCache:Display: Loaded Boot cache: C:/Users/Harmony.BRIDEA/AppData/Local/UnrealEngine/4.12/DerivedDataCache/Boot.ddc
[2016.07.22-07.26.46:608][  0]LogDerivedDataCache: FDerivedDataBackendGraph:  Pak pak cache file ../../../../../Study/Unreal4/Study/TimeAttack/DerivedDataCache/DDC.ddp not found, will not use a pak cache.
[2016.07.22-07.26.46:608][  0]LogDerivedDataCache: Unable to find inner node Pak for hierarchical cache Hierarchy.
[2016.07.22-07.26.46:608][  0]LogDerivedDataCache: FDerivedDataBackendGraph:  CompressedPak pak cache file ../../../../../Study/Unreal4/Study/TimeAttack/DerivedDataCache/Compressed.ddp not found, will not use a pak cache.
[2016.07.22-07.26.46:608][  0]LogDerivedDataCache: Unable to find inner node CompressedPak for hierarchical cache Hierarchy.
[2016.07.22-07.26.46:686][  0]LogDerivedDataCache:Display: Pak cache opened for reading ../../../Engine/DerivedDataCache/Compressed.ddp.
[2016.07.22-07.26.46:699][  0]LogDerivedDataCache: Using Local data cache path C:/Users/Harmony.BRIDEA/AppData/Local/UnrealEngine/Common/DerivedDataCache: Writable
[2016.07.22-07.26.51:557][  0]LogInit: Selected Device Profile: [Windows]
[2016.07.22-07.26.51:570][  0]LogContentStreaming: Texture pool size is 0.00 MB
[2016.07.22-07.26.53:204][  0]LogMeshUtilities: No automatic mesh reduction module available
[2016.07.22-07.26.53:204][  0]LogMeshUtilities: No automatic mesh merging module available
[2016.07.22-07.26.53:204][  0]LogMeshUtilities: No distributed automatic mesh merging module available
[2016.07.22-07.26.55:429][  0]LogAssetRegistry: FAssetRegistry took 0.0266 seconds to start up
[2016.07.22-07.26.55:904][  0]LogPackageLocalizationCache: Processed 3 localized package path(s) for 2 prioritized culture(s) in 0.389393 seconds
[2016.07.22-07.26.56:052][  0]LogUObjectArray: 28739 objects as part of root set at end of initial load.
[2016.07.22-07.26.56:052][  0]LogUObjectAllocator: 5855624 out of 0 bytes used by permanent object pool.
[2016.07.22-07.26.56:052][  0]LogUObjectArray: CloseDisregardForGC: 0/0 objects in disregard for GC pool
[2016.07.22-07.26.56:061][  0]LogInit: WinSock: version 1.1 (2.2), MaxSocks=32767, MaxUdp=65467
[2016.07.22-07.27.06:595][  0]LogSlate: SlateFontCache - WITH_FREETYPE: 1, WITH_HARFBUZZ: 1
[2016.07.22-07.27.06:595][  0]LogSlate: SlateFontCache - WITH_FREETYPE: 1, WITH_HARFBUZZ: 1
[2016.07.22-07.27.12:484][  0]LogUdpMessaging: Initializing bridge on interface 0.0.0.0:0 to multicast group 230.0.0.1:6666.
[2016.07.22-07.27.14:170][  0]SourceControl: 정보 소스 콘트롤이 꺼졌습니다.
[2016.07.22-07.27.14:185][  0]SourceControl: 정보 소스 콘트롤이 꺼졌습니다.
[2016.07.22-07.27.14:233][  0]SourceControl: 정보 소스 콘트롤이 꺼졌습니다.
[2016.07.22-07.27.14:253][  0]SourceControl: 정보 소스 콘트롤이 꺼졌습니다.
[2016.07.22-07.27.15:350][  0]LogEngine: Initializing Engine...
[2016.07.22-07.27.15:395][  0]LogHMD: SteamVR failed to initialize.  Err: 110
[2016.07.22-07.27.15:396][  0]LogHMD: SteamVR failed to initialize.  Err: 110
[2016.07.22-07.27.15:411][  0]LogHMD: Oculus plugin initialized. Version: 4.12.5-3039270+++UE4+Release-4.12, LibOVR: 1.6.0, SDK: 1.3.2, built Jul  6 2016, 09:11:15
[2016.07.22-07.27.16:065][  0]LogAIModule: Creating AISystem for world NewWorld
[2016.07.22-07.27.16:186][  0]LogInit: XAudio2 using 'Realtek Digital Output(Realtek High Definition Audio)' : 2 channels at 48 kHz using 16 bits per sample (channel mask 0x3)
[2016.07.22-07.27.16:206][  0]LogInit: FAudioDevice initialized.
[2016.07.22-07.27.16:233][  0]LogDerivedDataCache: Saved boot cache 0.03s 48MB C:/Users/Harmony.BRIDEA/AppData/Local/UnrealEngine/4.12/DerivedDataCache/Boot.ddc.
[2016.07.22-07.27.16:237][  0]LogInit: Texture streaming: Enabled
[2016.07.22-07.27.16:357][  0]LogInit: Transaction tracking system initialized
[2016.07.22-07.27.16:656][  0]BlueprintLog: New page: 에디터 로드
[2016.07.22-07.27.17:569][  0]LocalizationService: 정보 현지화 서비스가 비활성화되었습니다.
[2016.07.22-07.27.18:176][  0]LogConsoleResponse:Display: 
[2016.07.22-07.27.19:980][  0]LogFileCache: Scanning file cache for directory 'D:/Study/Unreal4/Study/TimeAttack/Content/' took 0.01s
[2016.07.22-07.27.19:980][  0]LogCook:Display: Max memory allowance for cook 8192mb
[2016.07.22-07.27.19:980][  0]LogCook:Display: Mobile HDR setting 1
[2016.07.22-07.27.23:242][  0]SourceControl: 정보 소스 콘트롤이 꺼졌습니다.
[2016.07.22-07.27.23:416][  0]Cmd: MAP LOAD FILE="../../../../../Study/Unreal4/Study/TimeAttack/Content/VehicleBP/Maps/VehicleExampleMap.umap" TEMPLATE=0 SHOWPROGRESS=1 FEATURELEVEL=3
[2016.07.22-07.27.23:542][  0]LightingResults: New page: 라이팅 빌드
[2016.07.22-07.27.23:921][  0]MapCheck: New page: 맵 체크
[2016.07.22-07.27.23:921][  0]LightingResults: New page: 라이팅 빌드
[2016.07.22-07.27.27:054][  0]LogAIModule: Creating AISystem for world VehicleExampleMap
[2016.07.22-07.27.27:495][  0]LogEditorServer: Finished looking for orphan Actors (0.000 secs)
[2016.07.22-07.27.27:534][  0]Cmd: MAP CHECKDEP NOCLEARLOG
[2016.07.22-07.27.27:591][  0]MapCheck: 정보 맵 체크 완료: 오류 0 회, 경고 0 회, 소요 시간 55.965ms.
[2016.07.22-07.27.27:591][  0]LogFileHelpers: Loading map 'VehicleExampleMap' took 4.283
[2016.07.22-07.27.29:033][  0]LogCollectionManager: Loaded 0 collections in 0.001456 seconds
[2016.07.22-07.27.29:128][  0]LogFileCache: Scanning file cache for directory 'D:/Study/Unreal4/Study/TimeAttack/Saved/Collections/' took 0.01s
[2016.07.22-07.27.29:128][  0]LogFileCache: Scanning file cache for directory 'D:/Study/Unreal4/Study/TimeAttack/Content/Developers/harmony/Collections/' took 0.01s
[2016.07.22-07.27.29:128][  0]LogFileCache: Scanning file cache for directory 'D:/Study/Unreal4/Study/TimeAttack/Content/Collections/' took 0.01s
[2016.07.22-07.27.29:128][  0]LogCollectionManager: Rebuilt the GUID cache for 0 collections in 0.000002 seconds
[2016.07.22-07.27.29:145][  0]LogContentBrowser: Native class hierarchy populated in 0.0162 seconds. Added 2047 classes and 369 folders.
[2016.07.22-07.27.29:196][  0]LogStats: UGameplayTagsManager::ConstructGameplayTagTree: Construct from data asset -  0.000 s
[2016.07.22-07.27.29:196][  0]LogStats: UGameplayTagsManager::ConstructGameplayTagTree: GameplayTagTreeChangedEvent.Broadcast -  0.000 s
[2016.07.22-07.27.29:197][  0]LogContentBrowser: Native class hierarchy updated for 'GameplayTags' in 0.0004 seconds. Added 12 classes and 0 folders.
[2016.07.22-07.27.29:203][  0]LogContentBrowser: Native class hierarchy updated for 'WidgetCarousel' in 0.0003 seconds. Added 0 classes and 0 folders.
[2016.07.22-07.27.30:459][  0]LogContentBrowser: Native class hierarchy updated for 'AddContentDialog' in 0.0004 seconds. Added 0 classes and 0 folders.
[2016.07.22-07.27.30:521][  0]LogContentBrowser: Native class hierarchy updated for 'SceneOutliner' in 0.0004 seconds. Added 1 classes and 2 folders.
[2016.07.22-07.27.30:824][  0]LogCrashTracker: Crashtracker disabled due to settings.
[2016.07.22-07.27.30:987][  0]LogUObjectGlobals:Warning: 'Class 없음.' 오브젝트를 찾는 데 실패했습니다.
[2016.07.22-07.27.31:116][  0]LogContentBrowser: Native class hierarchy updated for 'HierarchicalLODOutliner' in 0.0004 seconds. Added 1 classes and 2 folders.
[2016.07.22-07.27.31:116][  0]LogLoad: Full Startup: 58.73 seconds (BP compile: 0.60 seconds)
[2016.07.22-07.27.31:116][  0]LogExternalProfiler: Found external profiler: VSPerf
[2016.07.22-07.27.31:116][  0]LogExternalProfiler: Using external profiler: VSPerf
[2016.07.22-07.27.31:472][  0]LogOcInput: OculusInput pre-init called
[2016.07.22-07.27.31:486][  0]LogOcInput: OculusInput is initialized. Init status 0. Runtime version: 1.6.0
[2016.07.22-07.27.31:680][  0]LogContentStreaming: Texture pool size now 1000 MB
[2016.07.22-07.27.32:522][  0]LogRenderer: Reallocating scene render targets to support 960x576 (Frame:2).
[2016.07.22-07.27.33:300][  2]LogAssetRegistry: Asset discovery search completed in 37.8957 seconds
[2016.07.22-07.27.33:300][  2]LogCollectionManager: Rebuilt the object cache for 0 collections in 0.000001 seconds (found 0 objects)
[2016.07.22-07.27.33:300][  2]LogCollectionManager: Fixed up redirectors for 0 collections in 0.000054 seconds (updated 0 objects)
[2016.07.22-07.28.57:638][255]LogBlueprintUserMessages: Early PlayInEditor Detection: Level '/Game/VehicleBP/Maps/VehicleExampleMap.VehicleExampleMap:PersistentLevel' has LevelScriptBlueprint '/Game/VehicleBP/Maps/VehicleExampleMap.VehicleExampleMap:PersistentLevel.VehicleExampleMap' with GeneratedClass '/Game/VehicleBP/Maps/VehicleExampleMap.VehicleExampleMap_C' with ClassGeneratedBy '/Game/VehicleBP/Maps/VehicleExampleMap.VehicleExampleMap:PersistentLevel.VehicleExampleMap'
[2016.07.22-07.28.57:641][255]LogPlayLevel: PlayLevel: No blueprints needed recompiling
[2016.07.22-07.28.57:641][255]LogApp: UseVRFocus has changed to 1
[2016.07.22-07.28.57:641][255]LogApp: HasVRFocus has changed to 1
[2016.07.22-07.28.57:641][255]LogApp: UseVRFocus has changed to 0
[2016.07.22-07.28.57:641][255]LogApp: HasVRFocus has changed to 0
[2016.07.22-07.28.57:695][255]PIE: New page: PIE 세션: VehicleExampleMap (2016. 7. 23. 오전 1:28:57)
[2016.07.22-07.28.57:695][255]LogPlayLevel: Creating play world package: /Game/VehicleBP/Maps/UEDPIE_0_VehicleExampleMap
[2016.07.22-07.28.57:759][255]LogPlayLevel: PIE: StaticDuplicateObject took: (0.063953s)
[2016.07.22-07.28.57:760][255]LogAIModule: Creating AISystem for world VehicleExampleMap
[2016.07.22-07.28.57:760][255]LogPlayLevel: PIE: World Init took: (0.000731s)
[2016.07.22-07.28.57:760][255]LogPlayLevel: PIE: Created PIE world by copying editor world from /Game/VehicleBP/Maps/VehicleExampleMap.VehicleExampleMap to /Game/VehicleBP/Maps/UEDPIE_0_VehicleExampleMap.VehicleExampleMap (0.064935s)
[2016.07.22-07.28.57:818][255]LogApp: UseVRFocus has changed to 1
[2016.07.22-07.28.57:818][255]LogApp: HasVRFocus has changed to 1
[2016.07.22-07.28.57:818][255]LogApp: UseVRFocus has changed to 0
[2016.07.22-07.28.57:818][255]LogApp: HasVRFocus has changed to 0
[2016.07.22-07.28.57:831][255]LogInit: XAudio2 using 'Realtek Digital Output(Realtek High Definition Audio)' : 2 channels at 48 kHz using 16 bits per sample (channel mask 0x3)
[2016.07.22-07.28.57:846][255]LogInit: FAudioDevice initialized.
[2016.07.22-07.28.57:970][255]LogWorld: Game class is 'VehicleGameMode_C'
[2016.07.22-07.28.58:011][255]LogWorld: Bringing World /Game/VehicleBP/Maps/UEDPIE_0_VehicleExampleMap.VehicleExampleMap up for play (max tick rate 0) at 2016.07.22-16.28.58
[2016.07.22-07.28.58:051][255]LogWorld: Bringing up level for play took: 0.053654
[2016.07.22-07.28.58:104][255]LogContentBrowser: Native class hierarchy updated for 'MovieSceneCapture' in 0.0004 seconds. Added 11 classes and 0 folders.
[2016.07.22-07.28.58:172][255]PIE: 정보 /Game/VehicleBP/Maps/UEDPIE_0_VehicleExampleMap 에 대한 에디터에서 플레이 시작 시간: -0.258
[2016.07.22-07.28.58:172][255]LogBlueprintUserMessages: Late PlayInEditor Detection: Level '/Game/VehicleBP/Maps/VehicleExampleMap.VehicleExampleMap:PersistentLevel' has LevelScriptBlueprint '/Game/VehicleBP/Maps/VehicleExampleMap.VehicleExampleMap:PersistentLevel.VehicleExampleMap' with GeneratedClass '/Game/VehicleBP/Maps/VehicleExampleMap.VehicleExampleMap_C' with ClassGeneratedBy '/Game/VehicleBP/Maps/VehicleExampleMap.VehicleExampleMap:PersistentLevel.VehicleExampleMap'
[2016.07.22-07.30.12:860][971]LogBlueprintUserMessages: Early EndPlayMap Detection: Level '/Game/VehicleBP/Maps/VehicleExampleMap.VehicleExampleMap:PersistentLevel' has LevelScriptBlueprint '/Game/VehicleBP/Maps/VehicleExampleMap.VehicleExampleMap:PersistentLevel.VehicleExampleMap' with GeneratedClass '/Game/VehicleBP/Maps/VehicleExampleMap.VehicleExampleMap_C' with ClassGeneratedBy '/Game/VehicleBP/Maps/VehicleExampleMap.VehicleExampleMap:PersistentLevel.VehicleExampleMap'
[2016.07.22-07.30.12:962][971]LogBlueprintUserMessages: Late EndPlayMap Detection: Level '/Game/VehicleBP/Maps/VehicleExampleMap.VehicleExampleMap:PersistentLevel' has LevelScriptBlueprint '/Game/VehicleBP/Maps/VehicleExampleMap.VehicleExampleMap:PersistentLevel.VehicleExampleMap' with GeneratedClass '/Game/VehicleBP/Maps/VehicleExampleMap.VehicleExampleMap_C' with ClassGeneratedBy '/Game/VehicleBP/Maps/VehicleExampleMap.VehicleExampleMap:PersistentLevel.VehicleExampleMap'
[2016.07.22-09.57.22:322][859]Cmd: QUIT_EDITOR
[2016.07.22-09.57.22:496][859]LogExit: Preparing to exit.
[2016.07.22-09.57.22:850][859]LogExit: Editor shut down
[2016.07.22-09.57.22:850][859]LogExit: Transaction tracking system shut down
[2016.07.22-09.57.23:258][859]LogObj: Freed 0b from 0 cluster array pools.
[2016.07.22-09.57.23:258][859]LogExit: Object subsystem successfully closed.
[2016.07.22-09.57.23:311][859]LogD3D11RHI: Shutdown
[2016.07.22-09.57.23:311][859]LogD3D11RHI: CleanupD3DDevice
[2016.07.22-09.57.23:345][859]LogD3D11RHI: ~FD3D11DynamicRHI
[2016.07.22-09.57.23:577][859]LogModuleManager: Shutting down and abandoning module MovieSceneCapture (214)
[2016.07.22-09.57.23:577][859]LogModuleManager: Shutting down and abandoning module HierarchicalLODOutliner (213)
[2016.07.22-09.57.23:587][859]LogModuleManager: Shutting down and abandoning module CrashTracker (212)
[2016.07.22-09.57.23:587][859]LogModuleManager: Shutting down and abandoning module SceneOutliner (211)
[2016.07.22-09.57.23:587][859]LogModuleManager: Shutting down and abandoning module WidgetCarousel (210)
[2016.07.22-09.57.23:587][859]LogModuleManager: Shutting down and abandoning module AddContentDialog (209)
[2016.07.22-09.57.23:596][859]LogModuleManager: Shutting down and abandoning module GameplayTags (208)
[2016.07.22-09.57.23:596][859]LogModuleManager: Shutting down and abandoning module EditorWidgets (207)
[2016.07.22-09.57.23:596][859]LogModuleManager: Shutting down and abandoning module CollectionManager (206)
[2016.07.22-09.57.23:610][859]LogModuleManager: Shutting down and abandoning module StatsViewer (205)
[2016.07.22-09.57.23:625][859]LogModuleManager: Shutting down and abandoning module FoliageEdit (204)
[2016.07.22-09.57.23:625][859]LogModuleManager: Shutting down and abandoning module LandscapeEditor (203)
[2016.07.22-09.57.23:625][859]LogModuleManager: Shutting down and abandoning module SceneDepthPickerMode (202)
[2016.07.22-09.57.23:625][859]LogModuleManager: Shutting down and abandoning module ActorPickerMode (201)
[2016.07.22-09.57.23:625][859]LogModuleManager: Shutting down and abandoning module GeometryMode (200)
[2016.07.22-09.57.23:625][859]LogModuleManager: Shutting down and abandoning module TextureAlignMode (199)
[2016.07.22-09.57.23:625][859]LogModuleManager: Shutting down and abandoning module BspMode (198)
[2016.07.22-09.57.23:625][859]LogModuleManager: Shutting down and abandoning module HardwareSurvey (197)
[2016.07.22-09.57.23:625][859]LogModuleManager: Shutting down and abandoning module SequenceRecorderSections (196)
[2016.07.22-09.57.23:625][859]LogModuleManager: Shutting down and abandoning module SequenceRecorder (195)
[2016.07.22-09.57.23:625][859]LogModuleManager: Shutting down and abandoning module AutomationWorker (194)
[2016.07.22-09.57.23:625][859]LogModuleManager: Shutting down and abandoning module MatineeToLevelSequence (193)
[2016.07.22-09.57.23:625][859]LogModuleManager: Shutting down and abandoning module PlacementMode (192)
[2016.07.22-09.57.23:641][859]LogModuleManager: Shutting down and abandoning module LevelSequenceEditor (191)
[2016.07.22-09.57.23:648][859]LogModuleManager: Shutting down and abandoning module CharacterAI (190)
[2016.07.22-09.57.23:648][859]LogModuleManager: Shutting down and abandoning module SmartSnapping (189)
[2016.07.22-09.57.23:648][859]LogModuleManager: Shutting down and abandoning module SessionServices (188)
[2016.07.22-09.57.23:648][859]LogModuleManager: Shutting down and abandoning module ViewportSnapping (187)
[2016.07.22-09.57.23:648][859]LogModuleManager: Shutting down and abandoning module LogVisualizer (186)
[2016.07.22-09.57.23:648][859]LogModuleManager: Shutting down and abandoning module GameProjectGeneration (185)
[2016.07.22-09.57.23:665][859]LogModuleManager: Shutting down and abandoning module IntroTutorials (184)
[2016.07.22-09.57.23:665][859]LogModuleManager: Shutting down and abandoning module EditorLiveStreaming (183)
[2016.07.22-09.57.23:665][859]LogModuleManager: Shutting down and abandoning module IOSPlatformEditor (182)
[2016.07.22-09.57.23:665][859]LogModuleManager: Shutting down and abandoning module HTML5PlatformEditor (181)
[2016.07.22-09.57.23:665][859]LogModuleManager: Shutting down and abandoning module AndroidDeviceDetection (180)
[2016.07.22-09.57.23:827][859]LogModuleManager: Shutting down and abandoning module AndroidPlatformEditor (179)
[2016.07.22-09.57.23:827][859]LogModuleManager: Shutting down and abandoning module IOSRuntimeSettings (178)
[2016.07.22-09.57.23:827][859]LogModuleManager: Shutting down and abandoning module AndroidRuntimeSettings (177)
[2016.07.22-09.57.23:827][859]LogModuleManager: Shutting down and abandoning module MergeActors (176)
[2016.07.22-09.57.23:836][859]LogModuleManager: Shutting down and abandoning module SizeMap (175)
[2016.07.22-09.57.23:837][859]LogModuleManager: Shutting down and abandoning module TreeMap (174)
[2016.07.22-09.57.23:837][859]LogModuleManager: Shutting down and abandoning module ReferenceViewer (173)
[2016.07.22-09.57.23:837][859]LogModuleManager: Shutting down and abandoning module LocalizationService (172)
[2016.07.22-09.57.23:837][859]LogModuleManager: Shutting down and abandoning module LocalizationDashboard (171)
[2016.07.22-09.57.23:846][859]LogModuleManager: Shutting down and abandoning module HardwareTargeting (170)
[2016.07.22-09.57.23:846][859]LogModuleManager: Shutting down and abandoning module DeviceProfileEditor (169)
[2016.07.22-09.57.23:856][859]LogModuleManager: Shutting down and abandoning module UndoHistory (168)
[2016.07.22-09.57.23:856][859]LogModuleManager: Shutting down and abandoning module UserFeedback (167)
[2016.07.22-09.57.23:856][859]LogModuleManager: Shutting down and abandoning module XmlParser (166)
[2016.07.22-09.57.23:856][859]LogModuleManager: Shutting down and abandoning module Blutility (165)
[2016.07.22-09.57.23:856][859]LogModuleManager: Shutting down and abandoning module ProjectTargetPlatformEditor (164)
[2016.07.22-09.57.23:856][859]LogModuleManager: Shutting down and abandoning module ProjectSettingsViewer (163)
[2016.07.22-09.57.23:856][859]LogModuleManager: Shutting down and abandoning module InputBindingEditor (162)
[2016.07.22-09.57.23:866][859]LogModuleManager: Shutting down and abandoning module EditorSettingsViewer (161)
[2016.07.22-09.57.23:866][859]LogModuleManager: Shutting down and abandoning module SettingsEditor (160)
[2016.07.22-09.57.23:866][859]LogModuleManager: Shutting down and abandoning module ProjectLauncher (159)
[2016.07.22-09.57.23:885][859]LogModuleManager: Shutting down and abandoning module SessionFrontend (158)
[2016.07.22-09.57.23:891][859]LogModuleManager: Shutting down and abandoning module ProfilerClient (157)
[2016.07.22-09.57.23:891][859]LogModuleManager: Shutting down and abandoning module TargetDeviceServices (156)
[2016.07.22-09.57.23:891][859]LogModuleManager: Shutting down and abandoning module DeviceManager (155)
[2016.07.22-09.57.23:937][859]LogModuleManager: Shutting down and abandoning module AutomationController (154)
[2016.07.22-09.57.23:937][859]LogModuleManager: Shutting down and abandoning module AutomationWindow (153)
[2016.07.22-09.57.23:962][859]LogModuleManager: Shutting down and abandoning module Layers (152)
[2016.07.22-09.57.23:981][859]LogModuleManager: Shutting down and abandoning module ComponentVisualizers (151)
[2016.07.22-09.57.23:981][859]LogModuleManager: Shutting down and abandoning module DetailCustomizations (150)
[2016.07.22-09.57.24:012][859]LogModuleManager: Shutting down and abandoning module PackagesDialog (149)
[2016.07.22-09.57.24:036][859]LogModuleManager: Shutting down and abandoning module Persona (148)
[2016.07.22-09.57.24:054][859]LogModuleManager: Shutting down and abandoning module Kismet (147)
[2016.07.22-09.57.24:054][859]LogModuleManager: Shutting down and abandoning module GraphEditor (146)
[2016.07.22-09.57.24:075][859]LogModuleManager: Shutting down and abandoning module ClassViewer (145)
[2016.07.22-09.57.24:084][859]LogModuleManager: Shutting down and abandoning module Toolbox (144)
[2016.07.22-09.57.24:084][859]LogModuleManager: Shutting down and abandoning module ModuleUI (143)
[2016.07.22-09.57.24:084][859]LogModuleManager: Shutting down and abandoning module MovieSceneTools (142)
[2016.07.22-09.57.24:084][859]LogModuleManager: Shutting down and abandoning module OutputLog (141)
[2016.07.22-09.57.24:084][859]LogModuleManager: Shutting down and abandoning module GammaUI (140)
[2016.07.22-09.57.24:084][859]LogModuleManager: Shutting down and abandoning module Documentation (139)
[2016.07.22-09.57.24:084][859]LogModuleManager: Shutting down and abandoning module StreamingPauseRendering (138)
[2016.07.22-09.57.24:084][859]LogModuleManager: Shutting down and abandoning module AnalyticsET (137)
[2016.07.22-09.57.24:084][859]LogModuleManager: Shutting down and abandoning module Analytics (136)
[2016.07.22-09.57.24:084][859]LogModuleManager: Shutting down and abandoning module PortalServices (135)
[2016.07.22-09.57.24:084][859]LogModuleManager: Shutting down and abandoning module PortalRpc (134)
[2016.07.22-09.57.24:084][859]LogModuleManager: Shutting down and abandoning module MessagingRpc (133)
[2016.07.22-09.57.24:084][859]LogModuleManager: Shutting down and abandoning module GameplayDebugger (132)
[2016.07.22-09.57.24:084][859]LogModuleManager: Shutting down and abandoning module AITestSuite (131)
[2016.07.22-09.57.24:084][859]LogModuleManager: Shutting down and abandoning module AIModule (130)
[2016.07.22-09.57.24:084][859]LogModuleManager: Shutting down and abandoning module ProfilerService (129)
[2016.07.22-09.57.24:137][859]LogModuleManager: Shutting down and abandoning module TaskGraph (128)
[2016.07.22-09.57.24:154][859]LogModuleManager: Shutting down and abandoning module SlateRemote (127)
[2016.07.22-09.57.24:154][859]LogModuleManager: Shutting down and abandoning module SteamVRController (126)
[2016.07.22-09.57.24:154][859]LogModuleManager: Shutting down and abandoning module SteamVR (125)
[2016.07.22-09.57.24:154][859]LogModuleManager: Shutting down and abandoning module ProceduralMeshComponent (124)
[2016.07.22-09.57.24:154][859]LogModuleManager: Shutting down and abandoning module OculusLibrary (123)
[2016.07.22-09.57.24:154][859]LogModuleManager: Shutting down and abandoning module OculusInput (122)
[2016.07.22-09.57.24:154][859]LogModuleManager: Shutting down and abandoning module CustomMeshComponent (121)
[2016.07.22-09.57.24:154][859]LogModuleManager: Shutting down and abandoning module CableComponent (120)
[2016.07.22-09.57.24:154][859]LogModuleManager: Shutting down and abandoning module ArchVisCharacter (119)
[2016.07.22-09.57.24:154][859]LogModuleManager: Shutting down and abandoning module MediaPlayerEditor (118)
[2016.07.22-09.57.24:163][859]LogModuleManager: Shutting down and abandoning module HTML5Networking (117)
[2016.07.22-09.57.24:163][859]LogModuleManager: Shutting down and abandoning module SuperSearch (116)
[2016.07.22-09.57.24:163][859]LogModuleManager: Shutting down and abandoning module SuperSearchEditor (115)
[2016.07.22-09.57.24:163][859]LogModuleManager: Shutting down and abandoning module SpeedTreeImporter (114)
[2016.07.22-09.57.24:163][859]LogModuleManager: Shutting down and abandoning module PluginBrowser (113)
[2016.07.22-09.57.24:163][859]LogModuleManager: Shutting down and abandoning module EpicSurvey (112)
[2016.07.22-09.57.24:163][859]LogModuleManager: Shutting down and abandoning module DesktopPlatform (111)
[2016.07.22-09.57.24:163][859]LogModuleManager: Shutting down and abandoning module VisualStudioSourceCodeAccess (110)
[2016.07.22-09.57.24:163][859]LogModuleManager: Shutting down and abandoning module UObjectPlugin (109)
[2016.07.22-09.57.24:163][859]LogModuleManager: Shutting down and abandoning module SubversionSourceControl (108)
[2016.07.22-09.57.24:163][859]LogModuleManager: Shutting down and abandoning module PerforceSourceControl (107)
[2016.07.22-09.57.24:163][859]LogModuleManager: Shutting down and abandoning module SourceControl (106)
[2016.07.22-09.57.24:188][859]LogModuleManager: Shutting down and abandoning module GitSourceControl (105)
[2016.07.22-09.57.24:188][859]LogModuleManager: Shutting down and abandoning module LightPropagationVolumeEditor (104)
[2016.07.22-09.57.24:188][859]LogModuleManager: Shutting down and abandoning module PaperTiledImporter (103)
[2016.07.22-09.57.24:188][859]LogModuleManager: Shutting down and abandoning module PaperSpriteSheetImporter (102)
[2016.07.22-09.57.24:188][859]LogModuleManager: Shutting down and abandoning module MeshPaint (101)
[2016.07.22-09.57.24:188][859]LogModuleManager: Shutting down and abandoning module PixelInspectorModule (100)
[2016.07.22-09.57.24:188][859]LogModuleManager: Shutting down and abandoning module HotReload (99)
[2016.07.22-09.57.24:189][859]LogModuleManager: Shutting down and abandoning module MainFrame (98)
[2016.07.22-09.57.24:189][859]LogModuleManager: Shutting down and abandoning module LevelEditor (97)
[2016.07.22-09.57.24:189][859]LogModuleManager: Shutting down and abandoning module ContentBrowser (96)
[2016.07.22-09.57.24:190][859]LogModuleManager: Shutting down and abandoning module Paper2DEditor (95)
[2016.07.22-09.57.24:201][859]LogModuleManager: Shutting down and abandoning module UdpMessaging (94)
[2016.07.22-09.57.24:301][859]LogModuleManager: Shutting down and abandoning module LightPropagationVolumeRuntime (93)
[2016.07.22-09.57.24:301][859]LogModuleManager: Shutting down and abandoning module Paper2D (92)
[2016.07.22-09.57.24:301][859]LogModuleManager: Shutting down and abandoning module WindowsMoviePlayer (91)
[2016.07.22-09.57.24:301][859]LogModuleManager: Shutting down and abandoning module Media (90)
[2016.07.22-09.57.24:301][859]LogModuleManager: Shutting down and abandoning module WmfMedia (89)
[2016.07.22-09.57.24:302][859]LogModuleManager: Shutting down and abandoning module MediaAssets (88)
[2016.07.22-09.57.24:302][859]LogModuleManager: Shutting down and abandoning module GameLiveStreaming (87)
[2016.07.22-09.57.24:302][859]LogModuleManager: Shutting down and abandoning module GameplayTagsEditor (86)
[2016.07.22-09.57.24:302][859]LogModuleManager: Shutting down and abandoning module OnlineBlueprintSupport (85)
[2016.07.22-09.57.24:302][859]LogModuleManager: Shutting down and abandoning module VREditor (84)
[2016.07.22-09.57.24:302][859]LogModuleManager: Shutting down and abandoning module GameplayTasksEditor (83)
[2016.07.22-09.57.24:302][859]LogModuleManager: Shutting down and abandoning module PropertyEditor (82)
[2016.07.22-09.57.24:322][859]LogModuleManager: Shutting down and abandoning module BehaviorTreeEditor (81)
[2016.07.22-09.57.24:335][859]LogModuleManager: Shutting down and abandoning module FunctionalTesting (80)
[2016.07.22-09.57.24:335][859]LogModuleManager: Shutting down and abandoning module CollisionAnalyzer (79)
[2016.07.22-09.57.24:343][859]LogModuleManager: Shutting down and abandoning module Sequencer (78)
[2016.07.22-09.57.24:367][859]LogModuleManager: Shutting down and abandoning module WorkspaceMenuStructure (77)
[2016.07.22-09.57.24:367][859]LogModuleManager: Shutting down and abandoning module MessageLog (76)
[2016.07.22-09.57.24:370][859]LogModuleManager: Shutting down and abandoning module AssetTools (75)
[2016.07.22-09.57.24:388][859]LogModuleManager: Shutting down and abandoning module UMGEditor (74)
[2016.07.22-09.57.24:406][859]LogModuleManager: Shutting down and abandoning module UMG (73)
[2016.07.22-09.57.24:418][859]LogModuleManager: Shutting down and abandoning module SlateReflector (72)
[2016.07.22-09.57.24:428][859]LogModuleManager: Shutting down and abandoning module Slate (71)
[2016.07.22-09.57.24:428][859]LogModuleManager: Shutting down and abandoning module EditorStyle (70)
[2016.07.22-09.57.24:429][859]LogModuleManager: Shutting down and abandoning module SourceCodeAccess (69)
[2016.07.22-09.57.24:429][859]LogModuleManager: Shutting down and abandoning module HeadMountedDisplay (68)
[2016.07.22-09.57.24:429][859]LogModuleManager: Shutting down and abandoning module XAudio2 (67)
[2016.07.22-09.57.24:429][859]LogModuleManager: Shutting down and abandoning module Networking (65)
[2016.07.22-09.57.24:430][859]LogModuleManager: Shutting down and abandoning module Core (64)
[2016.07.22-09.57.24:430][859]LogModuleManager: Shutting down and abandoning module DirectoryWatcher (63)
[2016.07.22-09.57.24:430][859]LogModuleManager: Shutting down and abandoning module AssetRegistry (62)
[2016.07.22-09.57.24:605][859]LogModuleManager: Shutting down and abandoning module KismetCompiler (61)
[2016.07.22-09.57.24:605][859]LogModuleManager: Shutting down and abandoning module PhysXFormats (60)
[2016.07.22-09.57.24:605][859]LogModuleManager: Shutting down and abandoning module MeshUtilities (59)
[2016.07.22-09.57.24:605][859]LogModuleManager: Shutting down and abandoning module DerivedDataCache (58)
[2016.07.22-09.57.24:684][859]LogDerivedDataCache: Shutdown
[2016.07.22-09.57.24:684][859]LogModuleManager: Shutting down and abandoning module VulkanShaderFormat (57)
[2016.07.22-09.57.24:684][859]LogModuleManager: Shutting down and abandoning module ShaderFormatOpenGL (56)
[2016.07.22-09.57.24:684][859]LogModuleManager: Shutting down and abandoning module ShaderFormatD3D (55)
[2016.07.22-09.57.24:684][859]LogModuleManager: Shutting down and abandoning module MetalShaderFormat (54)
[2016.07.22-09.57.24:684][859]LogModuleManager: Shutting down and abandoning module TextureFormatUncompressed (53)
[2016.07.22-09.57.24:684][859]LogModuleManager: Shutting down and abandoning module TextureFormatPVR (52)
[2016.07.22-09.57.24:684][859]LogModuleManager: Shutting down and abandoning module TextureFormatIntelISPCTexComp (51)
[2016.07.22-09.57.24:684][859]LogModuleManager: Shutting down and abandoning module TextureFormatDXT (50)
[2016.07.22-09.57.24:684][859]LogModuleManager: Shutting down and abandoning module ImageWrapper (49)
[2016.07.22-09.57.24:684][859]LogModuleManager: Shutting down and abandoning module TextureFormatASTC (48)
[2016.07.22-09.57.24:684][859]LogModuleManager: Shutting down and abandoning module TextureFormatAndroid (47)
[2016.07.22-09.57.24:684][859]LogModuleManager: Shutting down and abandoning module AudioFormatOpus (46)
[2016.07.22-09.57.24:684][859]LogModuleManager: Shutting down and abandoning module AudioFormatOgg (45)
[2016.07.22-09.57.24:684][859]LogModuleManager: Shutting down and abandoning module AudioFormatADPCM (44)
[2016.07.22-09.57.24:684][859]LogModuleManager: Shutting down and abandoning module LinuxTargetPlatform (43)
[2016.07.22-09.57.24:684][859]LogModuleManager: Shutting down and abandoning module LinuxServerTargetPlatform (42)
[2016.07.22-09.57.24:684][859]LogModuleManager: Shutting down and abandoning module LinuxNoEditorTargetPlatform (41)
[2016.07.22-09.57.24:684][859]LogModuleManager: Shutting down and abandoning module TVOSTargetPlatform (40)
[2016.07.22-09.57.24:684][859]LogModuleManager: Shutting down and abandoning module Messaging (39)
[2016.07.22-09.57.24:684][859]LogModuleManager: Shutting down and abandoning module IOSTargetPlatform (38)
[2016.07.22-09.57.24:684][859]LogModuleManager: Shutting down and abandoning module HTML5TargetPlatform (37)
[2016.07.22-09.57.24:684][859]LogModuleManager: Shutting down and abandoning module Android_PVRTCTargetPlatform (36)
[2016.07.22-09.57.24:684][859]LogModuleManager: Shutting down and abandoning module Android_MultiTargetPlatform (35)
[2016.07.22-09.57.24:684][859]LogModuleManager: Shutting down and abandoning module Android_ETC2TargetPlatform (34)
[2016.07.22-09.57.24:684][859]LogModuleManager: Shutting down and abandoning module Android_ETC1TargetPlatform (33)
[2016.07.22-09.57.24:684][859]LogModuleManager: Shutting down and abandoning module Android_DXTTargetPlatform (32)
[2016.07.22-09.57.24:684][859]LogModuleManager: Shutting down and abandoning module Android_ATCTargetPlatform (31)
[2016.07.22-09.57.24:684][859]LogModuleManager: Shutting down and abandoning module Android_ASTCTargetPlatform (30)
[2016.07.22-09.57.24:684][859]LogModuleManager: Shutting down and abandoning module AndroidTargetPlatform (29)
[2016.07.22-09.57.24:684][859]LogModuleManager: Shutting down and abandoning module WindowsTargetPlatform (28)
[2016.07.22-09.57.24:684][859]LogModuleManager: Shutting down and abandoning module WindowsServerTargetPlatform (27)
[2016.07.22-09.57.24:684][859]LogModuleManager: Shutting down and abandoning module WindowsNoEditorTargetPlatform (26)
[2016.07.22-09.57.24:685][859]LogModuleManager: Shutting down and abandoning module WindowsClientTargetPlatform (25)
[2016.07.22-09.57.24:685][859]LogModuleManager: Shutting down and abandoning module AllDesktopTargetPlatform (24)
[2016.07.22-09.57.24:685][859]LogModuleManager: Shutting down and abandoning module TargetPlatform (23)
[2016.07.22-09.57.24:685][859]LogModuleManager: Shutting down and abandoning module InputCore (22)
[2016.07.22-09.57.24:685][859]LogModuleManager: Shutting down and abandoning module Settings (21)
[2016.07.22-09.57.24:685][859]LogModuleManager: Shutting down and abandoning module OnlineSubsystem (19)
[2016.07.22-09.57.24:685][859]LogModuleManager: Shutting down and abandoning module HTTP (18)
[2016.07.22-09.57.29:193][859]LogModuleManager: Shutting down and abandoning module XMPP (17)
[2016.07.22-09.57.29:218][859]LogModuleManager: Shutting down and abandoning module OculusRift (16)
[2016.07.22-09.57.29:218][859]LogHMD: Oculus shutdown.
[2016.07.22-09.57.29:218][859]LogModuleManager: Shutting down and abandoning module ExampleDeviceProfileSelector (15)
[2016.07.22-09.57.29:218][859]LogModuleManager: Shutting down and abandoning module TextureCompressor (14)
[2016.07.22-09.57.29:218][859]LogModuleManager: Shutting down and abandoning module ShaderCore (13)
[2016.07.22-09.57.29:218][859]LogModuleManager: Shutting down and abandoning module Landscape (12)
[2016.07.22-09.57.29:218][859]LogModuleManager: Shutting down and abandoning module SlateRHIRenderer (11)
[2016.07.22-09.57.29:228][859]LogModuleManager: Shutting down and abandoning module OpenGLDrv (10)
[2016.07.22-09.57.29:228][859]LogModuleManager: Shutting down and abandoning module D3D11RHI (9)
[2016.07.22-09.57.29:228][859]LogModuleManager: Shutting down and abandoning module AnimGraphRuntime (8)
[2016.07.22-09.57.29:228][859]LogModuleManager: Shutting down and abandoning module Renderer (7)
[2016.07.22-09.57.29:228][859]LogModuleManager: Shutting down and abandoning module Engine (6)
[2016.07.22-09.57.29:228][859]LogModuleManager: Shutting down and abandoning module CoreUObject (5)
[2016.07.22-09.57.29:228][859]LogModuleManager: Shutting down and abandoning module NetworkFile (4)
[2016.07.22-09.57.29:228][859]LogModuleManager: Shutting down and abandoning module StreamingFile (3)
[2016.07.22-09.57.29:228][859]LogModuleManager: Shutting down and abandoning module SandboxFile (2)
[2016.07.22-09.57.29:228][859]LogModuleManager: Shutting down and abandoning module PakFile (1)
[2016.07.22-09.57.29:229][859]LogExit: Exiting.
[2016.07.22-09.57.29:230][859]Log file closed, 07/22/16 18:57:29
